<?xml version="1.0" encoding="UTF-8"?>
<testsuites name="POPSApp_DailySmoke" time="840.564" tests="24" failures="3" skips="0" errors="6">
   <testsuite name="POPSApp_DailySmoke" tests="24" failures="3" errors="6" time="840.564" skips="0" timestamp="2021-03-29 09:27:56" hostname="huy.thanh - CA-HUYTHANH.pops.local" id="Test Suites/POPS App/POPSApp_DailySmoke">
      <properties>
[...]
</properties>
      <testcase name="Test Cases/POPS App/UI_Check/VN/VerifyNoBrokenImageOnAnimePage" time="100.809" classname="Test Cases/POPS App/UI_Check/VN/VerifyNoBrokenImageOnAnimePage" status="PASSED">
         <system-out><![CDATA[2021-03-29 09:27:57 - [TEST_CASE][PASSED] - Test Cases/POPS App/UI_Check/VN/VerifyNoBrokenImageOnAnimePage: Test Cases/POPS App/UI_Check/VN/VerifyNoBrokenImageOnAnimePage

2021-03-29 09:27:57 - [TEST_STEP][PASSED] - Start listener action : sampleBeforeTestCase: null

2021-03-29 09:27:57 - [TEST_STEP][PASSED] - println(testCaseContext.getTestCaseId()): null

2021-03-29 09:27:57 - [TEST_STEP][PASSED] - println(testCaseContext.getTestCaseVariables()): null

2021-03-29 09:27:57 - [TEST_STEP][PASSED] - Start listener action : sampleBeforeTestCase: null

2021-03-29 09:27:57 - [TEST_STEP][PASSED] - println(testCaseContext.getTestCaseId()): null

2021-03-29 09:27:57 - [TEST_STEP][PASSED] - println(testCaseContext.getTestCaseVariables()): null

2021-03-29 09:27:57 - [TEST_STEP][PASSED] - openBrowser(SourceURL): Browser is opened with url: 'https://pops.vn/'

2021-03-29 09:27:58 - [MESSAGE][INFO] - Starting 'Chrome' driver

2021-03-29 09:27:58 - [MESSAGE][INFO] - Action delay is set to 0 milliseconds

2021-03-29 09:28:01 - [MESSAGE][PASSED] - Browser is opened with url: 'https://pops.vn/'

2021-03-29 09:28:01 - [TEST_STEP][PASSED] - maximizeWindow(): Current window maximized

2021-03-29 09:28:01 - [MESSAGE][PASSED] - Current window maximized

2021-03-29 09:28:01 - [TEST_STEP][PASSED] - click(findTestObject("POPS App UI/TopMenu/menu_4_Anime")): Object: 'Object Repository/POPS App UI/TopMenu/menu_4_Anime' is clicked on

2021-03-29 09:28:03 - [MESSAGE][PASSED] - Object: 'Object Repository/POPS App UI/TopMenu/menu_4_Anime' is clicked on

2021-03-29 09:28:03 - [TEST_STEP][PASSED] - commonActions.APIs.anonymousLogin(): commonActions.APIs.anonymousLogin is PASSED

2021-03-29 09:28:04 - [MESSAGE][INFO] - HAR: D:\Working\AUTO\KATAWEB\popstestautomation\POPSTestAutomation\Reports\20210329_092745\POPS App\POPSApp_DailySmoke\20210329_092745\requests\main\0.har

2021-03-29 09:28:04 - [MESSAGE][PASSED] - Send request successfully

2021-03-29 09:28:04 - [MESSAGE][PASSED] - commonActions.APIs.anonymousLogin is PASSED

2021-03-29 09:28:04 - [TEST_STEP][PASSED] - commonActions.BaseActions.ScrollToFooter(): commonActions.BaseActions.ScrollToFooter is PASSED

2021-03-29 09:28:04 - [MESSAGE][PASSED] - Execute JavaScript 'window.scrollTo(0, document.body.scrollHeight)' successfully

2021-03-29 09:28:06 - [MESSAGE][PASSED] - Delayed 2 second(s)

2021-03-29 09:28:07 - [MESSAGE][WARNING] - Object 'Object Repository/POPS App UI/Footer/POPS_Logo_In_Footer' is present but is not visible in viewport (Root cause: com.kms.katalon.core.exception.StepFailedException: Object 'Object Repository/POPS App UI/Footer/POPS_Logo_In_Footer' is present but is not visible in viewport
	at com.kms.katalon.core.webui.keyword.internal.WebUIKeywordMain.stepFailed(WebUIKeywordMain.groovy:64)
	at com.kms.katalon.core.webui.keyword.builtin.VerifyElementVisibleInViewportKeyword$_verifyElementVisibleInViewport_closure1.doCall(VerifyElementVisibleInViewportKeyword.groovy:79)
	at com.kms.katalon.core.webui.keyword.builtin.VerifyElementVisibleInViewportKeyword$_verifyElementVisibleInViewport_closure1.call(VerifyElementVisibleInViewportKeyword.groovy)
	at com.kms.katalon.core.webui.keyword.internal.WebUIKeywordMain.runKeyword(WebUIKeywordMain.groovy:20)
	at com.kms.katalon.core.webui.keyword.builtin.VerifyElementVisibleInViewportKeyword.verifyElementVisibleInViewport(VerifyElementVisibleInViewportKeyword.groovy:86)
	at com.kms.katalon.core.webui.keyword.builtin.VerifyElementVisibleInViewportKeyword.execute(VerifyElementVisibleInViewportKeyword.groovy:68)
	at com.kms.katalon.core.keyword.internal.KeywordExecutor.executeKeywordForPlatform(KeywordExecutor.groovy:73)
	at com.kms.katalon.core.webui.keyword.WebUiBuiltInKeywords.verifyElementInViewport(WebUiBuiltInKeywords.groovy:4050)
	at com.kms.katalon.core.webui.keyword.WebUiBuiltInKeywords$verifyElementInViewport$3.call(Unknown Source)
	at commonActions.BaseActions.ScrollToFooter(BaseActions.groovy:44)
	at commonActions.BaseActions.invokeMethod(BaseActions.groovy)
	at com.kms.katalon.core.main.CustomKeywordDelegatingMetaClass.invokeStaticMethod(CustomKeywordDelegatingMetaClass.java:50)
	at VerifyNoBrokenImageOnAnimePage.run(VerifyNoBrokenImageOnAnimePage:26)
	at com.kms.katalon.core.main.ScriptEngine.run(ScriptEngine.java:194)
	at com.kms.katalon.core.main.ScriptEngine.runScriptAsRawText(ScriptEngine.java:119)
	at com.kms.katalon.core.main.TestCaseExecutor.runScript(TestCaseExecutor.java:398)
	at com.kms.katalon.core.main.TestCaseExecutor.doExecute(TestCaseExecutor.java:389)
	at com.kms.katalon.core.main.TestCaseExecutor.processExecutionPhase(TestCaseExecutor.java:368)
	at com.kms.katalon.core.main.TestCaseExecutor.accessMainPhase(TestCaseExecutor.java:360)
	at com.kms.katalon.core.main.TestCaseExecutor.execute(TestCaseExecutor.java:255)
	at com.kms.katalon.core.main.TestSuiteExecutor.accessTestCaseMainPhase(TestSuiteExecutor.java:203)
	at com.kms.katalon.core.main.TestSuiteExecutor.accessTestSuiteMainPhase(TestSuiteExecutor.java:152)
	at com.kms.katalon.core.main.TestSuiteExecutor.execute(TestSuiteExecutor.java:95)
	at com.kms.katalon.core.main.TestCaseMain.startTestSuite(TestCaseMain.java:157)
	at com.kms.katalon.core.main.TestCaseMain$startTestSuite$0.call(Unknown Source)
	at TempTestSuite1616984865844.run(TempTestSuite1616984865844.groovy:39)
)
[[ATTACHMENT|D:\\Working\\AUTO\\KATAWEB\\popstestautomation\\POPSTestAutomation\\Reports\\20210329_092745\\POPS App\\POPSApp_DailySmoke\\20210329_092745\\1616984886813.png]]

2021-03-29 09:28:07 - [MESSAGE][PASSED] - Execute JavaScript 'window.scrollTo(0, document.body.scrollHeight)' successfully

2021-03-29 09:28:09 - [MESSAGE][PASSED] - Delayed 2 second(s)

2021-03-29 09:28:10 - [MESSAGE][WARNING] - Object 'Object Repository/POPS App UI/Footer/POPS_Logo_In_Footer' is present but is not visible in viewport (Root cause: com.kms.katalon.core.exception.StepFailedException: Object 'Object Repository/POPS App UI/Footer/POPS_Logo_In_Footer' is present but is not visible in viewport
	at com.kms.katalon.core.webui.keyword.internal.WebUIKeywordMain.stepFailed(WebUIKeywordMain.groovy:64)
	at com.kms.katalon.core.webui.keyword.builtin.VerifyElementVisibleInViewportKeyword$_verifyElementVisibleInViewport_closure1.doCall(VerifyElementVisibleInViewportKeyword.groovy:79)
	at com.kms.katalon.core.webui.keyword.builtin.VerifyElementVisibleInViewportKeyword$_verifyElementVisibleInViewport_closure1.call(VerifyElementVisibleInViewportKeyword.groovy)
	at com.kms.katalon.core.webui.keyword.internal.WebUIKeywordMain.runKeyword(WebUIKeywordMain.groovy:20)
	at com.kms.katalon.core.webui.keyword.builtin.VerifyElementVisibleInViewportKeyword.verifyElementVisibleInViewport(VerifyElementVisibleInViewportKeyword.groovy:86)
	at com.kms.katalon.core.webui.keyword.builtin.VerifyElementVisibleInViewportKeyword.execute(VerifyElementVisibleInViewportKeyword.groovy:68)
	at com.kms.katalon.core.keyword.internal.KeywordExecutor.executeKeywordForPlatform(KeywordExecutor.groovy:73)
	at com.kms.katalon.core.webui.keyword.WebUiBuiltInKeywords.verifyElementInViewport(WebUiBuiltInKeywords.groovy:4050)
	at com.kms.katalon.core.webui.keyword.WebUiBuiltInKeywords$verifyElementInViewport$3.call(Unknown Source)
	at commonActions.BaseActions.ScrollToFooter(BaseActions.groovy:44)
	at commonActions.BaseActions.invokeMethod(BaseActions.groovy)
	at com.kms.katalon.core.main.CustomKeywordDelegatingMetaClass.invokeStaticMethod(CustomKeywordDelegatingMetaClass.java:50)
	at VerifyNoBrokenImageOnAnimePage.run(VerifyNoBrokenImageOnAnimePage:26)
	at com.kms.katalon.core.main.ScriptEngine.run(ScriptEngine.java:194)
	at com.kms.katalon.core.main.ScriptEngine.runScriptAsRawText(ScriptEngine.java:119)
	at com.kms.katalon.core.main.TestCaseExecutor.runScript(TestCaseExecutor.java:398)
	at com.kms.katalon.core.main.TestCaseExecutor.doExecute(TestCaseExecutor.java:389)
	at com.kms.katalon.core.main.TestCaseExecutor.processExecutionPhase(TestCaseExecutor.java:368)
	at com.kms.katalon.core.main.TestCaseExecutor.accessMainPhase(TestCaseExecutor.java:360)
	at com.kms.katalon.core.main.TestCaseExecutor.execute(TestCaseExecutor.java:255)
	at com.kms.katalon.core.main.TestSuiteExecutor.accessTestCaseMainPhase(TestSuiteExecutor.java:203)
	at com.kms.katalon.core.main.TestSuiteExecutor.accessTestSuiteMainPhase(TestSuiteExecutor.java:152)
	at com.kms.katalon.core.main.TestSuiteExecutor.execute(TestSuiteExecutor.java:95)
	at com.kms.katalon.core.main.TestCaseMain.startTestSuite(TestCaseMain.java:157)
	at com.kms.katalon.core.main.TestCaseMain$startTestSuite$0.call(Unknown Source)
	at TempTestSuite1616984865844.run(TempTestSuite1616984865844.groovy:39)
)
[[ATTACHMENT|D:\\Working\\AUTO\\KATAWEB\\popstestautomation\\POPSTestAutomation\\Reports\\20210329_092745\\POPS App\\POPSApp_DailySmoke\\20210329_092745\\1616984889789.png]]

2021-03-29 09:28:10 - [MESSAGE][PASSED] - Execute JavaScript 'window.scrollTo(0, document.body.scrollHeight)' successfully

2021-03-29 09:28:12 - [MESSAGE][PASSED] - Delayed 2 second(s)

2021-03-29 09:28:13 - [MESSAGE][WARNING] - Object 'Object Repository/POPS App UI/Footer/POPS_Logo_In_Footer' is present but is not visible in viewport (Root cause: com.kms.katalon.core.exception.StepFailedException: Object 'Object Repository/POPS App UI/Footer/POPS_Logo_In_Footer' is present but is not visible in viewport
	at com.kms.katalon.core.webui.keyword.internal.WebUIKeywordMain.stepFailed(WebUIKeywordMain.groovy:64)
	at com.kms.katalon.core.webui.keyword.builtin.VerifyElementVisibleInViewportKeyword$_verifyElementVisibleInViewport_closure1.doCall(VerifyElementVisibleInViewportKeyword.groovy:79)
	at com.kms.katalon.core.webui.keyword.builtin.VerifyElementVisibleInViewportKeyword$_verifyElementVisibleInViewport_closure1.call(VerifyElementVisibleInViewportKeyword.groovy)
	at com.kms.katalon.core.webui.keyword.internal.WebUIKeywordMain.runKeyword(WebUIKeywordMain.groovy:20)
	at com.kms.katalon.core.webui.keyword.builtin.VerifyElementVisibleInViewportKeyword.verifyElementVisibleInViewport(VerifyElementVisibleInViewportKeyword.groovy:86)
	at com.kms.katalon.core.webui.keyword.builtin.VerifyElementVisibleInViewportKeyword.execute(VerifyElementVisibleInViewportKeyword.groovy:68)
	at com.kms.katalon.core.keyword.internal.KeywordExecutor.executeKeywordForPlatform(KeywordExecutor.groovy:73)
	at com.kms.katalon.core.webui.keyword.WebUiBuiltInKeywords.verifyElementInViewport(WebUiBuiltInKeywords.groovy:4050)
	at com.kms.katalon.core.webui.keyword.WebUiBuiltInKeywords$verifyElementInViewport$3.call(Unknown Source)
	at commonActions.BaseActions.ScrollToFooter(BaseActions.groovy:44)
	at commonActions.BaseActions.invokeMethod(BaseActions.groovy)
	at com.kms.katalon.core.main.CustomKeywordDelegatingMetaClass.invokeStaticMethod(CustomKeywordDelegatingMetaClass.java:50)
	at VerifyNoBrokenImageOnAnimePage.run(VerifyNoBrokenImageOnAnimePage:26)
	at com.kms.katalon.core.main.ScriptEngine.run(ScriptEngine.java:194)
	at com.kms.katalon.core.main.ScriptEngine.runScriptAsRawText(ScriptEngine.java:119)
	at com.kms.katalon.core.main.TestCaseExecutor.runScript(TestCaseExecutor.java:398)
	at com.kms.katalon.core.main.TestCaseExecutor.doExecute(TestCaseExecutor.java:389)
	at com.kms.katalon.core.main.TestCaseExecutor.processExecutionPhase(TestCaseExecutor.java:368)
	at com.kms.katalon.core.main.TestCaseExecutor.accessMainPhase(TestCaseExecutor.java:360)
	at com.kms.katalon.core.main.TestCaseExecutor.execute(TestCaseExecutor.java:255)
	at com.kms.katalon.core.main.TestSuiteExecutor.accessTestCaseMainPhase(TestSuiteExecutor.java:203)
	at com.kms.katalon.core.main.TestSuiteExecutor.accessTestSuiteMainPhase(TestSuiteExecutor.java:152)
	at com.kms.katalon.core.main.TestSuiteExecutor.execute(TestSuiteExecutor.java:95)
	at com.kms.katalon.core.main.TestCaseMain.startTestSuite(TestCaseMain.java:157)
	at com.kms.katalon.core.main.TestCaseMain$startTestSuite$0.call(Unknown Source)
	at TempTestSuite1616984865844.run(TempTestSuite1616984865844.groovy:39)
)
[[ATTACHMENT|D:\\Working\\AUTO\\KATAWEB\\popstestautomation\\POPSTestAutomation\\Reports\\20210329_092745\\POPS App\\POPSApp_DailySmoke\\20210329_092745\\1616984892950.png]]

2021-03-29 09:28:13 - [MESSAGE][PASSED] - Execute JavaScript 'window.scrollTo(0, document.body.scrollHeight)' successfully

2021-03-29 09:28:15 - [MESSAGE][PASSED] - Delayed 2 second(s)

2021-03-29 09:28:16 - [MESSAGE][WARNING] - Object 'Object Repository/POPS App UI/Footer/POPS_Logo_In_Footer' is present but is not visible in viewport (Root cause: com.kms.katalon.core.exception.StepFailedException: Object 'Object Repository/POPS App UI/Footer/POPS_Logo_In_Footer' is present but is not visible in viewport
	at com.kms.katalon.core.webui.keyword.internal.WebUIKeywordMain.stepFailed(WebUIKeywordMain.groovy:64)
	at com.kms.katalon.core.webui.keyword.builtin.VerifyElementVisibleInViewportKeyword$_verifyElementVisibleInViewport_closure1.doCall(VerifyElementVisibleInViewportKeyword.groovy:79)
	at com.kms.katalon.core.webui.keyword.builtin.VerifyElementVisibleInViewportKeyword$_verifyElementVisibleInViewport_closure1.call(VerifyElementVisibleInViewportKeyword.groovy)
	at com.kms.katalon.core.webui.keyword.internal.WebUIKeywordMain.runKeyword(WebUIKeywordMain.groovy:20)
	at com.kms.katalon.core.webui.keyword.builtin.VerifyElementVisibleInViewportKeyword.verifyElementVisibleInViewport(VerifyElementVisibleInViewportKeyword.groovy:86)
	at com.kms.katalon.core.webui.keyword.builtin.VerifyElementVisibleInViewportKeyword.execute(VerifyElementVisibleInViewportKeyword.groovy:68)
	at com.kms.katalon.core.keyword.internal.KeywordExecutor.executeKeywordForPlatform(KeywordExecutor.groovy:73)
	at com.kms.katalon.core.webui.keyword.WebUiBuiltInKeywords.verifyElementInViewport(WebUiBuiltInKeywords.groovy:4050)
	at com.kms.katalon.core.webui.keyword.WebUiBuiltInKeywords$verifyElementInViewport$3.call(Unknown Source)
	at commonActions.BaseActions.ScrollToFooter(BaseActions.groovy:44)
	at commonActions.BaseActions.invokeMethod(BaseActions.groovy)
	at com.kms.katalon.core.main.CustomKeywordDelegatingMetaClass.invokeStaticMethod(CustomKeywordDelegatingMetaClass.java:50)
	at VerifyNoBrokenImageOnAnimePage.run(VerifyNoBrokenImageOnAnimePage:26)
	at com.kms.katalon.core.main.ScriptEngine.run(ScriptEngine.java:194)
	at com.kms.katalon.core.main.ScriptEngine.runScriptAsRawText(ScriptEngine.java:119)
	at com.kms.katalon.core.main.TestCaseExecutor.runScript(TestCaseExecutor.java:398)
	at com.kms.katalon.core.main.TestCaseExecutor.doExecute(TestCaseExecutor.java:389)
	at com.kms.katalon.core.main.TestCaseExecutor.processExecutionPhase(TestCaseExecutor.java:368)
	at com.kms.katalon.core.main.TestCaseExecutor.accessMainPhase(TestCaseExecutor.java:360)
	at com.kms.katalon.core.main.TestCaseExecutor.execute(TestCaseExecutor.java:255)
	at com.kms.katalon.core.main.TestSuiteExecutor.accessTestCaseMainPhase(TestSuiteExecutor.java:203)
	at com.kms.katalon.core.main.TestSuiteExecutor.accessTestSuiteMainPhase(TestSuiteExecutor.java:152)
	at com.kms.katalon.core.main.TestSuiteExecutor.execute(TestSuiteExecutor.java:95)
	at com.kms.katalon.core.main.TestCaseMain.startTestSuite(TestCaseMain.java:157)
	at com.kms.katalon.core.main.TestCaseMain$startTestSuite$0.call(Unknown Source)
	at TempTestSuite1616984865844.run(TempTestSuite1616984865844.groovy:39)
)
[[ATTACHMENT|D:\\Working\\AUTO\\KATAWEB\\popstestautomation\\POPSTestAutomation\\Reports\\20210329_092745\\POPS App\\POPSApp_DailySmoke\\20210329_092745\\1616984896087.png]]

2021-03-29 09:28:16 - [MESSAGE][PASSED] - Execute JavaScript 'window.scrollTo(0, document.body.scrollHeight)' successfully

2021-03-29 09:28:18 - [MESSAGE][PASSED] - Delayed 2 second(s)

2021-03-29 09:28:19 - [MESSAGE][WARNING] - Object 'Object Repository/POPS App UI/Footer/POPS_Logo_In_Footer' is present but is not visible in viewport (Root cause: com.kms.katalon.core.exception.StepFailedException: Object 'Object Repository/POPS App UI/Footer/POPS_Logo_In_Footer' is present but is not visible in viewport
	at com.kms.katalon.core.webui.keyword.internal.WebUIKeywordMain.stepFailed(WebUIKeywordMain.groovy:64)
	at com.kms.katalon.core.webui.keyword.builtin.VerifyElementVisibleInViewportKeyword$_verifyElementVisibleInViewport_closure1.doCall(VerifyElementVisibleInViewportKeyword.groovy:79)
	at com.kms.katalon.core.webui.keyword.builtin.VerifyElementVisibleInViewportKeyword$_verifyElementVisibleInViewport_closure1.call(VerifyElementVisibleInViewportKeyword.groovy)
	at com.kms.katalon.core.webui.keyword.internal.WebUIKeywordMain.runKeyword(WebUIKeywordMain.groovy:20)
	at com.kms.katalon.core.webui.keyword.builtin.VerifyElementVisibleInViewportKeyword.verifyElementVisibleInViewport(VerifyElementVisibleInViewportKeyword.groovy:86)
	at com.kms.katalon.core.webui.keyword.builtin.VerifyElementVisibleInViewportKeyword.execute(VerifyElementVisibleInViewportKeyword.groovy:68)
	at com.kms.katalon.core.keyword.internal.KeywordExecutor.executeKeywordForPlatform(KeywordExecutor.groovy:73)
	at com.kms.katalon.core.webui.keyword.WebUiBuiltInKeywords.verifyElementInViewport(WebUiBuiltInKeywords.groovy:4050)
	at com.kms.katalon.core.webui.keyword.WebUiBuiltInKeywords$verifyElementInViewport$3.call(Unknown Source)
	at commonActions.BaseActions.ScrollToFooter(BaseActions.groovy:44)
	at commonActions.BaseActions.invokeMethod(BaseActions.groovy)
	at com.kms.katalon.core.main.CustomKeywordDelegatingMetaClass.invokeStaticMethod(CustomKeywordDelegatingMetaClass.java:50)
	at VerifyNoBrokenImageOnAnimePage.run(VerifyNoBrokenImageOnAnimePage:26)
	at com.kms.katalon.core.main.ScriptEngine.run(ScriptEngine.java:194)
	at com.kms.katalon.core.main.ScriptEngine.runScriptAsRawText(ScriptEngine.java:119)
	at com.kms.katalon.core.main.TestCaseExecutor.runScript(TestCaseExecutor.java:398)
	at com.kms.katalon.core.main.TestCaseExecutor.doExecute(TestCaseExecutor.java:389)
	at com.kms.katalon.core.main.TestCaseExecutor.processExecutionPhase(TestCaseExecutor.java:368)
	at com.kms.katalon.core.main.TestCaseExecutor.accessMainPhase(TestCaseExecutor.java:360)
	at com.kms.katalon.core.main.TestCaseExecutor.execute(TestCaseExecutor.java:255)
	at com.kms.katalon.core.main.TestSuiteExecutor.accessTestCaseMainPhase(TestSuiteExecutor.java:203)
	at com.kms.katalon.core.main.TestSuiteExecutor.accessTestSuiteMainPhase(TestSuiteExecutor.java:152)
	at com.kms.katalon.core.main.TestSuiteExecutor.execute(TestSuiteExecutor.java:95)
	at com.kms.katalon.core.main.TestCaseMain.startTestSuite(TestCaseMain.java:157)
	at com.kms.katalon.core.main.TestCaseMain$startTestSuite$0.call(Unknown Source)
	at TempTestSuite1616984865844.run(TempTestSuite1616984865844.groovy:39)
)
[[ATTACHMENT|D:\\Working\\AUTO\\KATAWEB\\popstestautomation\\POPSTestAutomation\\Reports\\20210329_092745\\POPS App\\POPSApp_DailySmoke\\20210329_092745\\1616984899156.png]]

2021-03-29 09:28:20 - [MESSAGE][PASSED] - Execute JavaScript 'window.scrollTo(0, document.body.scrollHeight)' successfully

2021-03-29 09:28:22 - [MESSAGE][PASSED] - Delayed 2 second(s)

2021-03-29 09:28:22 - [MESSAGE][WARNING] - Object 'Object Repository/POPS App UI/Footer/POPS_Logo_In_Footer' is present but is not visible in viewport (Root cause: com.kms.katalon.core.exception.StepFailedException: Object 'Object Repository/POPS App UI/Footer/POPS_Logo_In_Footer' is present but is not visible in viewport
	at com.kms.katalon.core.webui.keyword.internal.WebUIKeywordMain.stepFailed(WebUIKeywordMain.groovy:64)
	at com.kms.katalon.core.webui.keyword.builtin.VerifyElementVisibleInViewportKeyword$_verifyElementVisibleInViewport_closure1.doCall(VerifyElementVisibleInViewportKeyword.groovy:79)
	at com.kms.katalon.core.webui.keyword.builtin.VerifyElementVisibleInViewportKeyword$_verifyElementVisibleInViewport_closure1.call(VerifyElementVisibleInViewportKeyword.groovy)
	at com.kms.katalon.core.webui.keyword.internal.WebUIKeywordMain.runKeyword(WebUIKeywordMain.groovy:20)
	at com.kms.katalon.core.webui.keyword.builtin.VerifyElementVisibleInViewportKeyword.verifyElementVisibleInViewport(VerifyElementVisibleInViewportKeyword.groovy:86)
	at com.kms.katalon.core.webui.keyword.builtin.VerifyElementVisibleInViewportKeyword.execute(VerifyElementVisibleInViewportKeyword.groovy:68)
	at com.kms.katalon.core.keyword.internal.KeywordExecutor.executeKeywordForPlatform(KeywordExecutor.groovy:73)
	at com.kms.katalon.core.webui.keyword.WebUiBuiltInKeywords.verifyElementInViewport(WebUiBuiltInKeywords.groovy:4050)
	at com.kms.katalon.core.webui.keyword.WebUiBuiltInKeywords$verifyElementInViewport$3.call(Unknown Source)
	at commonActions.BaseActions.ScrollToFooter(BaseActions.groovy:44)
	at commonActions.BaseActions.invokeMethod(BaseActions.groovy)
	at com.kms.katalon.core.main.CustomKeywordDelegatingMetaClass.invokeStaticMethod(CustomKeywordDelegatingMetaClass.java:50)
	at VerifyNoBrokenImageOnAnimePage.run(VerifyNoBrokenImageOnAnimePage:26)
	at com.kms.katalon.core.main.ScriptEngine.run(ScriptEngine.java:194)
	at com.kms.katalon.core.main.ScriptEngine.runScriptAsRawText(ScriptEngine.java:119)
	at com.kms.katalon.core.main.TestCaseExecutor.runScript(TestCaseExecutor.java:398)
	at com.kms.katalon.core.main.TestCaseExecutor.doExecute(TestCaseExecutor.java:389)
	at com.kms.katalon.core.main.TestCaseExecutor.processExecutionPhase(TestCaseExecutor.java:368)
	at com.kms.katalon.core.main.TestCaseExecutor.accessMainPhase(TestCaseExecutor.java:360)
	at com.kms.katalon.core.main.TestCaseExecutor.execute(TestCaseExecutor.java:255)
	at com.kms.katalon.core.main.TestSuiteExecutor.accessTestCaseMainPhase(TestSuiteExecutor.java:203)
	at com.kms.katalon.core.main.TestSuiteExecutor.accessTestSuiteMainPhase(TestSuiteExecutor.java:152)
	at com.kms.katalon.core.main.TestSuiteExecutor.execute(TestSuiteExecutor.java:95)
	at com.kms.katalon.core.main.TestCaseMain.startTestSuite(TestCaseMain.java:157)
	at com.kms.katalon.core.main.TestCaseMain$startTestSuite$0.call(Unknown Source)
	at TempTestSuite1616984865844.run(TempTestSuite1616984865844.groovy:39)
)
[[ATTACHMENT|D:\\Working\\AUTO\\KATAWEB\\popstestautomation\\POPSTestAutomation\\Reports\\20210329_092745\\POPS App\\POPSApp_DailySmoke\\20210329_092745\\1616984902317.png]]

2021-03-29 09:28:23 - [MESSAGE][PASSED] - Execute JavaScript 'window.scrollTo(0, document.body.scrollHeight)' successfully

2021-03-29 09:28:25 - [MESSAGE][PASSED] - Delayed 2 second(s)

2021-03-29 09:28:26 - [MESSAGE][WARNING] - Object 'Object Repository/POPS App UI/Footer/POPS_Logo_In_Footer' is present but is not visible in viewport (Root cause: com.kms.katalon.core.exception.StepFailedException: Object 'Object Repository/POPS App UI/Footer/POPS_Logo_In_Footer' is present but is not visible in viewport
	at com.kms.katalon.core.webui.keyword.internal.WebUIKeywordMain.stepFailed(WebUIKeywordMain.groovy:64)
	at com.kms.katalon.core.webui.keyword.builtin.VerifyElementVisibleInViewportKeyword$_verifyElementVisibleInViewport_closure1.doCall(VerifyElementVisibleInViewportKeyword.groovy:79)
	at com.kms.katalon.core.webui.keyword.builtin.VerifyElementVisibleInViewportKeyword$_verifyElementVisibleInViewport_closure1.call(VerifyElementVisibleInViewportKeyword.groovy)
	at com.kms.katalon.core.webui.keyword.internal.WebUIKeywordMain.runKeyword(WebUIKeywordMain.groovy:20)
	at com.kms.katalon.core.webui.keyword.builtin.VerifyElementVisibleInViewportKeyword.verifyElementVisibleInViewport(VerifyElementVisibleInViewportKeyword.groovy:86)
	at com.kms.katalon.core.webui.keyword.builtin.VerifyElementVisibleInViewportKeyword.execute(VerifyElementVisibleInViewportKeyword.groovy:68)
	at com.kms.katalon.core.keyword.internal.KeywordExecutor.executeKeywordForPlatform(KeywordExecutor.groovy:73)
	at com.kms.katalon.core.webui.keyword.WebUiBuiltInKeywords.verifyElementInViewport(WebUiBuiltInKeywords.groovy:4050)
	at com.kms.katalon.core.webui.keyword.WebUiBuiltInKeywords$verifyElementInViewport$3.call(Unknown Source)
	at commonActions.BaseActions.ScrollToFooter(BaseActions.groovy:44)
	at commonActions.BaseActions.invokeMethod(BaseActions.groovy)
	at com.kms.katalon.core.main.CustomKeywordDelegatingMetaClass.invokeStaticMethod(CustomKeywordDelegatingMetaClass.java:50)
	at VerifyNoBrokenImageOnAnimePage.run(VerifyNoBrokenImageOnAnimePage:26)
	at com.kms.katalon.core.main.ScriptEngine.run(ScriptEngine.java:194)
	at com.kms.katalon.core.main.ScriptEngine.runScriptAsRawText(ScriptEngine.java:119)
	at com.kms.katalon.core.main.TestCaseExecutor.runScript(TestCaseExecutor.java:398)
	at com.kms.katalon.core.main.TestCaseExecutor.doExecute(TestCaseExecutor.java:389)
	at com.kms.katalon.core.main.TestCaseExecutor.processExecutionPhase(TestCaseExecutor.java:368)
	at com.kms.katalon.core.main.TestCaseExecutor.accessMainPhase(TestCaseExecutor.java:360)
	at com.kms.katalon.core.main.TestCaseExecutor.execute(TestCaseExecutor.java:255)
	at com.kms.katalon.core.main.TestSuiteExecutor.accessTestCaseMainPhase(TestSuiteExecutor.java:203)
	at com.kms.katalon.core.main.TestSuiteExecutor.accessTestSuiteMainPhase(TestSuiteExecutor.java:152)
	at com.kms.katalon.core.main.TestSuiteExecutor.execute(TestSuiteExecutor.java:95)
	at com.kms.katalon.core.main.TestCaseMain.startTestSuite(TestCaseMain.java:157)
	at com.kms.katalon.core.main.TestCaseMain$startTestSuite$0.call(Unknown Source)
	at TempTestSuite1616984865844.run(TempTestSuite1616984865844.groovy:39)
)
[[ATTACHMENT|D:\\Working\\AUTO\\KATAWEB\\popstestautomation\\POPSTestAutomation\\Reports\\20210329_092745\\POPS App\\POPSApp_DailySmoke\\20210329_092745\\1616984905648.png]]

2021-03-29 09:28:26 - [MESSAGE][PASSED] - Execute JavaScript 'window.scrollTo(0, document.body.scrollHeight)' successfully

2021-03-29 09:28:28 - [MESSAGE][PASSED] - Delayed 2 second(s)

2021-03-29 09:28:30 - [MESSAGE][WARNING] - Object 'Object Repository/POPS App UI/Footer/POPS_Logo_In_Footer' is present but is not visible in viewport (Root cause: com.kms.katalon.core.exception.StepFailedException: Object 'Object Repository/POPS App UI/Footer/POPS_Logo_In_Footer' is present but is not visible in viewport
	at com.kms.katalon.core.webui.keyword.internal.WebUIKeywordMain.stepFailed(WebUIKeywordMain.groovy:64)
	at com.kms.katalon.core.webui.keyword.builtin.VerifyElementVisibleInViewportKeyword$_verifyElementVisibleInViewport_closure1.doCall(VerifyElementVisibleInViewportKeyword.groovy:79)
	at com.kms.katalon.core.webui.keyword.builtin.VerifyElementVisibleInViewportKeyword$_verifyElementVisibleInViewport_closure1.call(VerifyElementVisibleInViewportKeyword.groovy)
	at com.kms.katalon.core.webui.keyword.internal.WebUIKeywordMain.runKeyword(WebUIKeywordMain.groovy:20)
	at com.kms.katalon.core.webui.keyword.builtin.VerifyElementVisibleInViewportKeyword.verifyElementVisibleInViewport(VerifyElementVisibleInViewportKeyword.groovy:86)
	at com.kms.katalon.core.webui.keyword.builtin.VerifyElementVisibleInViewportKeyword.execute(VerifyElementVisibleInViewportKeyword.groovy:68)
	at com.kms.katalon.core.keyword.internal.KeywordExecutor.executeKeywordForPlatform(KeywordExecutor.groovy:73)
	at com.kms.katalon.core.webui.keyword.WebUiBuiltInKeywords.verifyElementInViewport(WebUiBuiltInKeywords.groovy:4050)
	at com.kms.katalon.core.webui.keyword.WebUiBuiltInKeywords$verifyElementInViewport$3.call(Unknown Source)
	at commonActions.BaseActions.ScrollToFooter(BaseActions.groovy:44)
	at commonActions.BaseActions.invokeMethod(BaseActions.groovy)
	at com.kms.katalon.core.main.CustomKeywordDelegatingMetaClass.invokeStaticMethod(CustomKeywordDelegatingMetaClass.java:50)
	at VerifyNoBrokenImageOnAnimePage.run(VerifyNoBrokenImageOnAnimePage:26)
	at com.kms.katalon.core.main.ScriptEngine.run(ScriptEngine.java:194)
	at com.kms.katalon.core.main.ScriptEngine.runScriptAsRawText(ScriptEngine.java:119)
	at com.kms.katalon.core.main.TestCaseExecutor.runScript(TestCaseExecutor.java:398)
	at com.kms.katalon.core.main.TestCaseExecutor.doExecute(TestCaseExecutor.java:389)
	at com.kms.katalon.core.main.TestCaseExecutor.processExecutionPhase(TestCaseExecutor.java:368)
	at com.kms.katalon.core.main.TestCaseExecutor.accessMainPhase(TestCaseExecutor.java:360)
	at com.kms.katalon.core.main.TestCaseExecutor.execute(TestCaseExecutor.java:255)
	at com.kms.katalon.core.main.TestSuiteExecutor.accessTestCaseMainPhase(TestSuiteExecutor.java:203)
	at com.kms.katalon.core.main.TestSuiteExecutor.accessTestSuiteMainPhase(TestSuiteExecutor.java:152)
	at com.kms.katalon.core.main.TestSuiteExecutor.execute(TestSuiteExecutor.java:95)
	at com.kms.katalon.core.main.TestCaseMain.startTestSuite(TestCaseMain.java:157)
	at com.kms.katalon.core.main.TestCaseMain$startTestSuite$0.call(Unknown Source)
	at TempTestSuite1616984865844.run(TempTestSuite1616984865844.groovy:39)
)
[[ATTACHMENT|D:\\Working\\AUTO\\KATAWEB\\popstestautomation\\POPSTestAutomation\\Reports\\20210329_092745\\POPS App\\POPSApp_DailySmoke\\20210329_092745\\1616984909855.png]]

2021-03-29 09:28:30 - [MESSAGE][PASSED] - Execute JavaScript 'window.scrollTo(0, document.body.scrollHeight)' successfully

2021-03-29 09:28:32 - [MESSAGE][PASSED] - Delayed 2 second(s)

2021-03-29 09:28:34 - [MESSAGE][WARNING] - Object 'Object Repository/POPS App UI/Footer/POPS_Logo_In_Footer' is present but is not visible in viewport (Root cause: com.kms.katalon.core.exception.StepFailedException: Object 'Object Repository/POPS App UI/Footer/POPS_Logo_In_Footer' is present but is not visible in viewport
	at com.kms.katalon.core.webui.keyword.internal.WebUIKeywordMain.stepFailed(WebUIKeywordMain.groovy:64)
	at com.kms.katalon.core.webui.keyword.builtin.VerifyElementVisibleInViewportKeyword$_verifyElementVisibleInViewport_closure1.doCall(VerifyElementVisibleInViewportKeyword.groovy:79)
	at com.kms.katalon.core.webui.keyword.builtin.VerifyElementVisibleInViewportKeyword$_verifyElementVisibleInViewport_closure1.call(VerifyElementVisibleInViewportKeyword.groovy)
	at com.kms.katalon.core.webui.keyword.internal.WebUIKeywordMain.runKeyword(WebUIKeywordMain.groovy:20)
	at com.kms.katalon.core.webui.keyword.builtin.VerifyElementVisibleInViewportKeyword.verifyElementVisibleInViewport(VerifyElementVisibleInViewportKeyword.groovy:86)
	at com.kms.katalon.core.webui.keyword.builtin.VerifyElementVisibleInViewportKeyword.execute(VerifyElementVisibleInViewportKeyword.groovy:68)
	at com.kms.katalon.core.keyword.internal.KeywordExecutor.executeKeywordForPlatform(KeywordExecutor.groovy:73)
	at com.kms.katalon.core.webui.keyword.WebUiBuiltInKeywords.verifyElementInViewport(WebUiBuiltInKeywords.groovy:4050)
	at com.kms.katalon.core.webui.keyword.WebUiBuiltInKeywords$verifyElementInViewport$3.call(Unknown Source)
	at commonActions.BaseActions.ScrollToFooter(BaseActions.groovy:44)
	at commonActions.BaseActions.invokeMethod(BaseActions.groovy)
	at com.kms.katalon.core.main.CustomKeywordDelegatingMetaClass.invokeStaticMethod(CustomKeywordDelegatingMetaClass.java:50)
	at VerifyNoBrokenImageOnAnimePage.run(VerifyNoBrokenImageOnAnimePage:26)
	at com.kms.katalon.core.main.ScriptEngine.run(ScriptEngine.java:194)
	at com.kms.katalon.core.main.ScriptEngine.runScriptAsRawText(ScriptEngine.java:119)
	at com.kms.katalon.core.main.TestCaseExecutor.runScript(TestCaseExecutor.java:398)
	at com.kms.katalon.core.main.TestCaseExecutor.doExecute(TestCaseExecutor.java:389)
	at com.kms.katalon.core.main.TestCaseExecutor.processExecutionPhase(TestCaseExecutor.java:368)
	at com.kms.katalon.core.main.TestCaseExecutor.accessMainPhase(TestCaseExecutor.java:360)
	at com.kms.katalon.core.main.TestCaseExecutor.execute(TestCaseExecutor.java:255)
	at com.kms.katalon.core.main.TestSuiteExecutor.accessTestCaseMainPhase(TestSuiteExecutor.java:203)
	at com.kms.katalon.core.main.TestSuiteExecutor.accessTestSuiteMainPhase(TestSuiteExecutor.java:152)
	at com.kms.katalon.core.main.TestSuiteExecutor.execute(TestSuiteExecutor.java:95)
	at com.kms.katalon.core.main.TestCaseMain.startTestSuite(TestCaseMain.java:157)
	at com.kms.katalon.core.main.TestCaseMain$startTestSuite$0.call(Unknown Source)
	at TempTestSuite1616984865844.run(TempTestSuite1616984865844.groovy:39)
)
[[ATTACHMENT|D:\\Working\\AUTO\\KATAWEB\\popstestautomation\\POPSTestAutomation\\Reports\\20210329_092745\\POPS App\\POPSApp_DailySmoke\\20210329_092745\\1616984913967.png]]

2021-03-29 09:28:35 - [MESSAGE][PASSED] - Execute JavaScript 'window.scrollTo(0, document.body.scrollHeight)' successfully

2021-03-29 09:28:37 - [MESSAGE][PASSED] - Delayed 2 second(s)

2021-03-29 09:28:37 - [MESSAGE][PASSED] - Object 'Object Repository/POPS App UI/Footer/POPS_Logo_In_Footer' is present and visible in viewport

2021-03-29 09:28:37 - [MESSAGE][PASSED] - commonActions.BaseActions.ScrollToFooter is PASSED

2021-03-29 09:28:37 - [TEST_STEP][PASSED] - commonActions.PageActions.verifyLinksOnPage(): commonActions.PageActions.verifyLinksOnPage is PASSED

2021-03-29 09:28:37 - [MESSAGE][INFO] - HAR: D:\Working\AUTO\KATAWEB\popstestautomation\POPSTestAutomation\Reports\20210329_092745\POPS App\POPSApp_DailySmoke\20210329_092745\requests\main\1.har

2021-03-29 09:28:37 - [MESSAGE][PASSED] - Send request successfully

2021-03-29 09:28:38 - [MESSAGE][INFO] - HAR: D:\Working\AUTO\KATAWEB\popstestautomation\POPSTestAutomation\Reports\20210329_092745\POPS App\POPSApp_DailySmoke\20210329_092745\requests\main\2.har

2021-03-29 09:28:38 - [MESSAGE][PASSED] - Send request successfully

2021-03-29 09:28:38 - [MESSAGE][INFO] - HAR: D:\Working\AUTO\KATAWEB\popstestautomation\POPSTestAutomation\Reports\20210329_092745\POPS App\POPSApp_DailySmoke\20210329_092745\requests\main\3.har

2021-03-29 09:28:38 - [MESSAGE][PASSED] - Send request successfully

2021-03-29 09:28:38 - [MESSAGE][INFO] - HAR: D:\Working\AUTO\KATAWEB\popstestautomation\POPSTestAutomation\Reports\20210329_092745\POPS App\POPSApp_DailySmoke\20210329_092745\requests\main\4.har

2021-03-29 09:28:38 - [MESSAGE][PASSED] - Send request successfully

2021-03-29 09:28:38 - [MESSAGE][INFO] - HAR: D:\Working\AUTO\KATAWEB\popstestautomation\POPSTestAutomation\Reports\20210329_092745\POPS App\POPSApp_DailySmoke\20210329_092745\requests\main\5.har

2021-03-29 09:28:38 - [MESSAGE][PASSED] - Send request successfully

2021-03-29 09:28:38 - [MESSAGE][INFO] - HAR: D:\Working\AUTO\KATAWEB\popstestautomation\POPSTestAutomation\Reports\20210329_092745\POPS App\POPSApp_DailySmoke\20210329_092745\requests\main\6.har

2021-03-29 09:28:38 - [MESSAGE][PASSED] - Send request successfully

2021-03-29 09:28:38 - [MESSAGE][INFO] - HAR: D:\Working\AUTO\KATAWEB\popstestautomation\POPSTestAutomation\Reports\20210329_092745\POPS App\POPSApp_DailySmoke\20210329_092745\requests\main\7.har

2021-03-29 09:28:38 - [MESSAGE][PASSED] - Send request successfully

2021-03-29 09:28:39 - [MESSAGE][INFO] - HAR: D:\Working\AUTO\KATAWEB\popstestautomation\POPSTestAutomation\Reports\20210329_092745\POPS App\POPSApp_DailySmoke\20210329_092745\requests\main\8.har

2021-03-29 09:28:39 - [MESSAGE][PASSED] - Send request successfully

2021-03-29 09:28:39 - [MESSAGE][INFO] - HAR: D:\Working\AUTO\KATAWEB\popstestautomation\POPSTestAutomation\Reports\20210329_092745\POPS App\POPSApp_DailySmoke\20210329_092745\requests\main\9.har

2021-03-29 09:28:39 - [MESSAGE][PASSED] - Send request successfully

2021-03-29 09:28:39 - [MESSAGE][INFO] - HAR: D:\Working\AUTO\KATAWEB\popstestautomation\POPSTestAutomation\Reports\20210329_092745\POPS App\POPSApp_DailySmoke\20210329_092745\requests\main\10.har

2021-03-29 09:28:39 - [MESSAGE][PASSED] - Send request successfully

2021-03-29 09:28:39 - [MESSAGE][INFO] - HAR: D:\Working\AUTO\KATAWEB\popstestautomation\POPSTestAutomation\Reports\20210329_092745\POPS App\POPSApp_DailySmoke\20210329_092745\requests\main\11.har

2021-03-29 09:28:39 - [MESSAGE][PASSED] - Send request successfully

2021-03-29 09:28:40 - [MESSAGE][INFO] - HAR: D:\Working\AUTO\KATAWEB\popstestautomation\POPSTestAutomation\Reports\20210329_092745\POPS App\POPSApp_DailySmoke\20210329_092745\requests\main\12.har

2021-03-29 09:28:40 - [MESSAGE][PASSED] - Send request successfully

2021-03-29 09:28:40 - [MESSAGE][INFO] - HAR: D:\Working\AUTO\KATAWEB\popstestautomation\POPSTestAutomation\Reports\20210329_092745\POPS App\POPSApp_DailySmoke\20210329_092745\requests\main\13.har

2021-03-29 09:28:40 - [MESSAGE][PASSED] - Send request successfully

2021-03-29 09:28:40 - [MESSAGE][INFO] - HAR: D:\Working\AUTO\KATAWEB\popstestautomation\POPSTestAutomation\Reports\20210329_092745\POPS App\POPSApp_DailySmoke\20210329_092745\requests\main\14.har

2021-03-29 09:28:40 - [MESSAGE][PASSED] - Send request successfully

2021-03-29 09:28:40 - [MESSAGE][INFO] - HAR: D:\Working\AUTO\KATAWEB\popstestautomation\POPSTestAutomation\Reports\20210329_092745\POPS App\POPSApp_DailySmoke\20210329_092745\requests\main\15.har

2021-03-29 09:28:40 - [MESSAGE][PASSED] - Send request successfully

2021-03-29 09:28:40 - [MESSAGE][INFO] - HAR: D:\Working\AUTO\KATAWEB\popstestautomation\POPSTestAutomation\Reports\20210329_092745\POPS App\POPSApp_DailySmoke\20210329_092745\requests\main\16.har

2021-03-29 09:28:40 - [MESSAGE][PASSED] - Send request successfully

2021-03-29 09:28:41 - [MESSAGE][INFO] - HAR: D:\Working\AUTO\KATAWEB\popstestautomation\POPSTestAutomation\Reports\20210329_092745\POPS App\POPSApp_DailySmoke\20210329_092745\requests\main\17.har

2021-03-29 09:28:41 - [MESSAGE][PASSED] - Send request successfully

2021-03-29 09:28:41 - [MESSAGE][INFO] - HAR: D:\Working\AUTO\KATAWEB\popstestautomation\POPSTestAutomation\Reports\20210329_092745\POPS App\POPSApp_DailySmoke\20210329_092745\requests\main\18.har

2021-03-29 09:28:41 - [MESSAGE][PASSED] - Send request successfully

2021-03-29 09:28:41 - [MESSAGE][INFO] - HAR: D:\Working\AUTO\KATAWEB\popstestautomation\POPSTestAutomation\Reports\20210329_092745\POPS App\POPSApp_DailySmoke\20210329_092745\requests\main\19.har

2021-03-29 09:28:41 - [MESSAGE][PASSED] - Send request successfully

2021-03-29 09:28:41 - [MESSAGE][INFO] - HAR: D:\Working\AUTO\KATAWEB\popstestautomation\POPSTestAutomation\Reports\20210329_092745\POPS App\POPSApp_DailySmoke\20210329_092745\requests\main\20.har

2021-03-29 09:28:41 - [MESSAGE][PASSED] - Send request successfully

2021-03-29 09:28:42 - [MESSAGE][INFO] - HAR: D:\Working\AUTO\KATAWEB\popstestautomation\POPSTestAutomation\Reports\20210329_092745\POPS App\POPSApp_DailySmoke\20210329_092745\requests\main\21.har

2021-03-29 09:28:42 - [MESSAGE][PASSED] - Send request successfully

2021-03-29 09:28:42 - [MESSAGE][INFO] - HAR: D:\Working\AUTO\KATAWEB\popstestautomation\POPSTestAutomation\Reports\20210329_092745\POPS App\POPSApp_DailySmoke\20210329_092745\requests\main\22.har

2021-03-29 09:28:42 - [MESSAGE][PASSED] - Send request successfully

2021-03-29 09:28:42 - [MESSAGE][INFO] - HAR: D:\Working\AUTO\KATAWEB\popstestautomation\POPSTestAutomation\Reports\20210329_092745\POPS App\POPSApp_DailySmoke\20210329_092745\requests\main\23.har

2021-03-29 09:28:42 - [MESSAGE][PASSED] - Send request successfully

2021-03-29 09:28:42 - [MESSAGE][INFO] - HAR: D:\Working\AUTO\KATAWEB\popstestautomation\POPSTestAutomation\Reports\20210329_092745\POPS App\POPSApp_DailySmoke\20210329_092745\requests\main\24.har

2021-03-29 09:28:42 - [MESSAGE][PASSED] - Send request successfully

2021-03-29 09:28:42 - [MESSAGE][INFO] - HAR: D:\Working\AUTO\KATAWEB\popstestautomation\POPSTestAutomation\Reports\20210329_092745\POPS App\POPSApp_DailySmoke\20210329_092745\requests\main\25.har

2021-03-29 09:28:42 - [MESSAGE][PASSED] - Send request successfully

2021-03-29 09:28:43 - [MESSAGE][INFO] - HAR: D:\Working\AUTO\KATAWEB\popstestautomation\POPSTestAutomation\Reports\20210329_092745\POPS App\POPSApp_DailySmoke\20210329_092745\requests\main\26.har

2021-03-29 09:28:43 - [MESSAGE][PASSED] - Send request successfully

2021-03-29 09:28:43 - [MESSAGE][INFO] - HAR: D:\Working\AUTO\KATAWEB\popstestautomation\POPSTestAutomation\Reports\20210329_092745\POPS App\POPSApp_DailySmoke\20210329_092745\requests\main\27.har

2021-03-29 09:28:43 - [MESSAGE][PASSED] - Send request successfully

2021-03-29 09:28:43 - [MESSAGE][INFO] - HAR: D:\Working\AUTO\KATAWEB\popstestautomation\POPSTestAutomation\Reports\20210329_092745\POPS App\POPSApp_DailySmoke\20210329_092745\requests\main\28.har

2021-03-29 09:28:43 - [MESSAGE][PASSED] - Send request successfully

2021-03-29 09:28:44 - [MESSAGE][INFO] - HAR: D:\Working\AUTO\KATAWEB\popstestautomation\POPSTestAutomation\Reports\20210329_092745\POPS App\POPSApp_DailySmoke\20210329_092745\requests\main\29.har

2021-03-29 09:28:44 - [MESSAGE][PASSED] - Send request successfully

2021-03-29 09:28:44 - [MESSAGE][INFO] - HAR: D:\Working\AUTO\KATAWEB\popstestautomation\POPSTestAutomation\Reports\20210329_092745\POPS App\POPSApp_DailySmoke\20210329_092745\requests\main\30.har

2021-03-29 09:28:44 - [MESSAGE][PASSED] - Send request successfully

2021-03-29 09:28:44 - [MESSAGE][INFO] - HAR: D:\Working\AUTO\KATAWEB\popstestautomation\POPSTestAutomation\Reports\20210329_092745\POPS App\POPSApp_DailySmoke\20210329_092745\requests\main\31.har

2021-03-29 09:28:44 - [MESSAGE][PASSED] - Send request successfully

2021-03-29 09:28:44 - [MESSAGE][INFO] - HAR: D:\Working\AUTO\KATAWEB\popstestautomation\POPSTestAutomation\Reports\20210329_092745\POPS App\POPSApp_DailySmoke\20210329_092745\requests\main\32.har

2021-03-29 09:28:44 - [MESSAGE][PASSED] - Send request successfully

2021-03-29 09:28:44 - [MESSAGE][INFO] - HAR: D:\Working\AUTO\KATAWEB\popstestautomation\POPSTestAutomation\Reports\20210329_092745\POPS App\POPSApp_DailySmoke\20210329_092745\requests\main\33.har

2021-03-29 09:28:44 - [MESSAGE][PASSED] - Send request successfully

2021-03-29 09:28:45 - [MESSAGE][INFO] - HAR: D:\Working\AUTO\KATAWEB\popstestautomation\POPSTestAutomation\Reports\20210329_092745\POPS App\POPSApp_DailySmoke\20210329_092745\requests\main\34.har

2021-03-29 09:28:45 - [MESSAGE][PASSED] - Send request successfully

2021-03-29 09:28:45 - [MESSAGE][INFO] - HAR: D:\Working\AUTO\KATAWEB\popstestautomation\POPSTestAutomation\Reports\20210329_092745\POPS App\POPSApp_DailySmoke\20210329_092745\requests\main\35.har

2021-03-29 09:28:45 - [MESSAGE][PASSED] - Send request successfully

2021-03-29 09:28:46 - [MESSAGE][INFO] - HAR: D:\Working\AUTO\KATAWEB\popstestautomation\POPSTestAutomation\Reports\20210329_092745\POPS App\POPSApp_DailySmoke\20210329_092745\requests\main\36.har

2021-03-29 09:28:46 - [MESSAGE][PASSED] - Send request successfully

2021-03-29 09:28:46 - [MESSAGE][INFO] - HAR: D:\Working\AUTO\KATAWEB\popstestautomation\POPSTestAutomation\Reports\20210329_092745\POPS App\POPSApp_DailySmoke\20210329_092745\requests\main\37.har

2021-03-29 09:28:46 - [MESSAGE][PASSED] - Send request successfully

2021-03-29 09:28:46 - [MESSAGE][INFO] - HAR: D:\Working\AUTO\KATAWEB\popstestautomation\POPSTestAutomation\Reports\20210329_092745\POPS App\POPSApp_DailySmoke\20210329_092745\requests\main\38.har

2021-03-29 09:28:46 - [MESSAGE][PASSED] - Send request successfully

2021-03-29 09:28:46 - [MESSAGE][INFO] - HAR: D:\Working\AUTO\KATAWEB\popstestautomation\POPSTestAutomation\Reports\20210329_092745\POPS App\POPSApp_DailySmoke\20210329_092745\requests\main\39.har

2021-03-29 09:28:46 - [MESSAGE][PASSED] - Send request successfully

2021-03-29 09:28:46 - [MESSAGE][INFO] - HAR: D:\Working\AUTO\KATAWEB\popstestautomation\POPSTestAutomation\Reports\20210329_092745\POPS App\POPSApp_DailySmoke\20210329_092745\requests\main\40.har

2021-03-29 09:28:46 - [MESSAGE][PASSED] - Send request successfully

2021-03-29 09:28:46 - [MESSAGE][INFO] - HAR: D:\Working\AUTO\KATAWEB\popstestautomation\POPSTestAutomation\Reports\20210329_092745\POPS App\POPSApp_DailySmoke\20210329_092745\requests\main\41.har

2021-03-29 09:28:46 - [MESSAGE][PASSED] - Send request successfully

2021-03-29 09:28:46 - [MESSAGE][INFO] - HAR: D:\Working\AUTO\KATAWEB\popstestautomation\POPSTestAutomation\Reports\20210329_092745\POPS App\POPSApp_DailySmoke\20210329_092745\requests\main\42.har

2021-03-29 09:28:46 - [MESSAGE][PASSED] - Send request successfully

2021-03-29 09:28:46 - [MESSAGE][INFO] - HAR: D:\Working\AUTO\KATAWEB\popstestautomation\POPSTestAutomation\Reports\20210329_092745\POPS App\POPSApp_DailySmoke\20210329_092745\requests\main\43.har

2021-03-29 09:28:46 - [MESSAGE][PASSED] - Send request successfully

2021-03-29 09:28:47 - [MESSAGE][INFO] - HAR: D:\Working\AUTO\KATAWEB\popstestautomation\POPSTestAutomation\Reports\20210329_092745\POPS App\POPSApp_DailySmoke\20210329_092745\requests\main\44.har

2021-03-29 09:28:47 - [MESSAGE][PASSED] - Send request successfully

2021-03-29 09:28:47 - [MESSAGE][INFO] - HAR: D:\Working\AUTO\KATAWEB\popstestautomation\POPSTestAutomation\Reports\20210329_092745\POPS App\POPSApp_DailySmoke\20210329_092745\requests\main\45.har

2021-03-29 09:28:47 - [MESSAGE][PASSED] - Send request successfully

2021-03-29 09:28:47 - [MESSAGE][INFO] - HAR: D:\Working\AUTO\KATAWEB\popstestautomation\POPSTestAutomation\Reports\20210329_092745\POPS App\POPSApp_DailySmoke\20210329_092745\requests\main\46.har

2021-03-29 09:28:47 - [MESSAGE][PASSED] - Send request successfully

2021-03-29 09:28:47 - [MESSAGE][INFO] - HAR: D:\Working\AUTO\KATAWEB\popstestautomation\POPSTestAutomation\Reports\20210329_092745\POPS App\POPSApp_DailySmoke\20210329_092745\requests\main\47.har

2021-03-29 09:28:47 - [MESSAGE][PASSED] - Send request successfully

2021-03-29 09:28:48 - [MESSAGE][INFO] - HAR: D:\Working\AUTO\KATAWEB\popstestautomation\POPSTestAutomation\Reports\20210329_092745\POPS App\POPSApp_DailySmoke\20210329_092745\requests\main\48.har

2021-03-29 09:28:48 - [MESSAGE][PASSED] - Send request successfully

2021-03-29 09:28:48 - [MESSAGE][INFO] - HAR: D:\Working\AUTO\KATAWEB\popstestautomation\POPSTestAutomation\Reports\20210329_092745\POPS App\POPSApp_DailySmoke\20210329_092745\requests\main\49.har

2021-03-29 09:28:48 - [MESSAGE][PASSED] - Send request successfully

2021-03-29 09:28:48 - [MESSAGE][INFO] - HAR: D:\Working\AUTO\KATAWEB\popstestautomation\POPSTestAutomation\Reports\20210329_092745\POPS App\POPSApp_DailySmoke\20210329_092745\requests\main\50.har

2021-03-29 09:28:48 - [MESSAGE][PASSED] - Send request successfully

2021-03-29 09:28:49 - [MESSAGE][INFO] - HAR: D:\Working\AUTO\KATAWEB\popstestautomation\POPSTestAutomation\Reports\20210329_092745\POPS App\POPSApp_DailySmoke\20210329_092745\requests\main\51.har

2021-03-29 09:28:49 - [MESSAGE][PASSED] - Send request successfully

2021-03-29 09:28:49 - [MESSAGE][INFO] - HAR: D:\Working\AUTO\KATAWEB\popstestautomation\POPSTestAutomation\Reports\20210329_092745\POPS App\POPSApp_DailySmoke\20210329_092745\requests\main\52.har

2021-03-29 09:28:49 - [MESSAGE][PASSED] - Send request successfully

2021-03-29 09:28:49 - [MESSAGE][INFO] - HAR: D:\Working\AUTO\KATAWEB\popstestautomation\POPSTestAutomation\Reports\20210329_092745\POPS App\POPSApp_DailySmoke\20210329_092745\requests\main\53.har

2021-03-29 09:28:49 - [MESSAGE][PASSED] - Send request successfully

2021-03-29 09:28:49 - [MESSAGE][INFO] - HAR: D:\Working\AUTO\KATAWEB\popstestautomation\POPSTestAutomation\Reports\20210329_092745\POPS App\POPSApp_DailySmoke\20210329_092745\requests\main\54.har

2021-03-29 09:28:49 - [MESSAGE][PASSED] - Send request successfully

2021-03-29 09:28:50 - [MESSAGE][INFO] - HAR: D:\Working\AUTO\KATAWEB\popstestautomation\POPSTestAutomation\Reports\20210329_092745\POPS App\POPSApp_DailySmoke\20210329_092745\requests\main\55.har

2021-03-29 09:28:50 - [MESSAGE][PASSED] - Send request successfully

2021-03-29 09:28:50 - [MESSAGE][INFO] - HAR: D:\Working\AUTO\KATAWEB\popstestautomation\POPSTestAutomation\Reports\20210329_092745\POPS App\POPSApp_DailySmoke\20210329_092745\requests\main\56.har

2021-03-29 09:28:50 - [MESSAGE][PASSED] - Send request successfully

2021-03-29 09:28:50 - [MESSAGE][INFO] - HAR: D:\Working\AUTO\KATAWEB\popstestautomation\POPSTestAutomation\Reports\20210329_092745\POPS App\POPSApp_DailySmoke\20210329_092745\requests\main\57.har

2021-03-29 09:28:50 - [MESSAGE][PASSED] - Send request successfully

2021-03-29 09:28:50 - [MESSAGE][INFO] - HAR: D:\Working\AUTO\KATAWEB\popstestautomation\POPSTestAutomation\Reports\20210329_092745\POPS App\POPSApp_DailySmoke\20210329_092745\requests\main\58.har

2021-03-29 09:28:50 - [MESSAGE][PASSED] - Send request successfully

2021-03-29 09:28:50 - [MESSAGE][INFO] - HAR: D:\Working\AUTO\KATAWEB\popstestautomation\POPSTestAutomation\Reports\20210329_092745\POPS App\POPSApp_DailySmoke\20210329_092745\requests\main\59.har

2021-03-29 09:28:50 - [MESSAGE][PASSED] - Send request successfully

2021-03-29 09:28:50 - [MESSAGE][INFO] - HAR: D:\Working\AUTO\KATAWEB\popstestautomation\POPSTestAutomation\Reports\20210329_092745\POPS App\POPSApp_DailySmoke\20210329_092745\requests\main\60.har

2021-03-29 09:28:50 - [MESSAGE][PASSED] - Send request successfully

2021-03-29 09:28:50 - [MESSAGE][INFO] - HAR: D:\Working\AUTO\KATAWEB\popstestautomation\POPSTestAutomation\Reports\20210329_092745\POPS App\POPSApp_DailySmoke\20210329_092745\requests\main\61.har

2021-03-29 09:28:50 - [MESSAGE][PASSED] - Send request successfully

2021-03-29 09:28:51 - [MESSAGE][INFO] - HAR: D:\Working\AUTO\KATAWEB\popstestautomation\POPSTestAutomation\Reports\20210329_092745\POPS App\POPSApp_DailySmoke\20210329_092745\requests\main\62.har

2021-03-29 09:28:51 - [MESSAGE][PASSED] - Send request successfully

2021-03-29 09:28:51 - [MESSAGE][INFO] - HAR: D:\Working\AUTO\KATAWEB\popstestautomation\POPSTestAutomation\Reports\20210329_092745\POPS App\POPSApp_DailySmoke\20210329_092745\requests\main\63.har

2021-03-29 09:28:51 - [MESSAGE][PASSED] - Send request successfully

2021-03-29 09:28:51 - [MESSAGE][INFO] - HAR: D:\Working\AUTO\KATAWEB\popstestautomation\POPSTestAutomation\Reports\20210329_092745\POPS App\POPSApp_DailySmoke\20210329_092745\requests\main\64.har

2021-03-29 09:28:51 - [MESSAGE][PASSED] - Send request successfully

2021-03-29 09:28:51 - [MESSAGE][INFO] - HAR: D:\Working\AUTO\KATAWEB\popstestautomation\POPSTestAutomation\Reports\20210329_092745\POPS App\POPSApp_DailySmoke\20210329_092745\requests\main\65.har

2021-03-29 09:28:51 - [MESSAGE][PASSED] - Send request successfully

2021-03-29 09:28:51 - [MESSAGE][INFO] - HAR: D:\Working\AUTO\KATAWEB\popstestautomation\POPSTestAutomation\Reports\20210329_092745\POPS App\POPSApp_DailySmoke\20210329_092745\requests\main\66.har

2021-03-29 09:28:51 - [MESSAGE][PASSED] - Send request successfully

2021-03-29 09:28:51 - [MESSAGE][INFO] - HAR: D:\Working\AUTO\KATAWEB\popstestautomation\POPSTestAutomation\Reports\20210329_092745\POPS App\POPSApp_DailySmoke\20210329_092745\requests\main\67.har

2021-03-29 09:28:51 - [MESSAGE][PASSED] - Send request successfully

2021-03-29 09:28:51 - [MESSAGE][INFO] - HAR: D:\Working\AUTO\KATAWEB\popstestautomation\POPSTestAutomation\Reports\20210329_092745\POPS App\POPSApp_DailySmoke\20210329_092745\requests\main\68.har

2021-03-29 09:28:51 - [MESSAGE][PASSED] - Send request successfully

2021-03-29 09:28:52 - [MESSAGE][INFO] - HAR: D:\Working\AUTO\KATAWEB\popstestautomation\POPSTestAutomation\Reports\20210329_092745\POPS App\POPSApp_DailySmoke\20210329_092745\requests\main\69.har

2021-03-29 09:28:52 - [MESSAGE][PASSED] - Send request successfully

2021-03-29 09:28:52 - [MESSAGE][INFO] - HAR: D:\Working\AUTO\KATAWEB\popstestautomation\POPSTestAutomation\Reports\20210329_092745\POPS App\POPSApp_DailySmoke\20210329_092745\requests\main\70.har

2021-03-29 09:28:52 - [MESSAGE][PASSED] - Send request successfully

2021-03-29 09:28:52 - [MESSAGE][INFO] - HAR: D:\Working\AUTO\KATAWEB\popstestautomation\POPSTestAutomation\Reports\20210329_092745\POPS App\POPSApp_DailySmoke\20210329_092745\requests\main\71.har

2021-03-29 09:28:52 - [MESSAGE][PASSED] - Send request successfully

2021-03-29 09:28:52 - [MESSAGE][INFO] - HAR: D:\Working\AUTO\KATAWEB\popstestautomation\POPSTestAutomation\Reports\20210329_092745\POPS App\POPSApp_DailySmoke\20210329_092745\requests\main\72.har

2021-03-29 09:28:52 - [MESSAGE][PASSED] - Send request successfully

2021-03-29 09:28:53 - [MESSAGE][INFO] - HAR: D:\Working\AUTO\KATAWEB\popstestautomation\POPSTestAutomation\Reports\20210329_092745\POPS App\POPSApp_DailySmoke\20210329_092745\requests\main\73.har

2021-03-29 09:28:53 - [MESSAGE][PASSED] - Send request successfully

2021-03-29 09:28:53 - [MESSAGE][INFO] - HAR: D:\Working\AUTO\KATAWEB\popstestautomation\POPSTestAutomation\Reports\20210329_092745\POPS App\POPSApp_DailySmoke\20210329_092745\requests\main\74.har

2021-03-29 09:28:53 - [MESSAGE][PASSED] - Send request successfully

2021-03-29 09:28:54 - [MESSAGE][INFO] - HAR: D:\Working\AUTO\KATAWEB\popstestautomation\POPSTestAutomation\Reports\20210329_092745\POPS App\POPSApp_DailySmoke\20210329_092745\requests\main\75.har

2021-03-29 09:28:54 - [MESSAGE][PASSED] - Send request successfully

2021-03-29 09:28:54 - [MESSAGE][INFO] - HAR: D:\Working\AUTO\KATAWEB\popstestautomation\POPSTestAutomation\Reports\20210329_092745\POPS App\POPSApp_DailySmoke\20210329_092745\requests\main\76.har

2021-03-29 09:28:54 - [MESSAGE][PASSED] - Send request successfully

2021-03-29 09:28:54 - [MESSAGE][INFO] - HAR: D:\Working\AUTO\KATAWEB\popstestautomation\POPSTestAutomation\Reports\20210329_092745\POPS App\POPSApp_DailySmoke\20210329_092745\requests\main\77.har

2021-03-29 09:28:54 - [MESSAGE][PASSED] - Send request successfully

2021-03-29 09:28:55 - [MESSAGE][INFO] - HAR: D:\Working\AUTO\KATAWEB\popstestautomation\POPSTestAutomation\Reports\20210329_092745\POPS App\POPSApp_DailySmoke\20210329_092745\requests\main\78.har

2021-03-29 09:28:55 - [MESSAGE][PASSED] - Send request successfully

2021-03-29 09:28:55 - [MESSAGE][INFO] - HAR: D:\Working\AUTO\KATAWEB\popstestautomation\POPSTestAutomation\Reports\20210329_092745\POPS App\POPSApp_DailySmoke\20210329_092745\requests\main\79.har

2021-03-29 09:28:55 - [MESSAGE][PASSED] - Send request successfully

2021-03-29 09:28:55 - [MESSAGE][INFO] - HAR: D:\Working\AUTO\KATAWEB\popstestautomation\POPSTestAutomation\Reports\20210329_092745\POPS App\POPSApp_DailySmoke\20210329_092745\requests\main\80.har

2021-03-29 09:28:55 - [MESSAGE][PASSED] - Send request successfully

2021-03-29 09:28:55 - [MESSAGE][INFO] - HAR: D:\Working\AUTO\KATAWEB\popstestautomation\POPSTestAutomation\Reports\20210329_092745\POPS App\POPSApp_DailySmoke\20210329_092745\requests\main\81.har

2021-03-29 09:28:55 - [MESSAGE][PASSED] - Send request successfully

2021-03-29 09:28:56 - [MESSAGE][INFO] - HAR: D:\Working\AUTO\KATAWEB\popstestautomation\POPSTestAutomation\Reports\20210329_092745\POPS App\POPSApp_DailySmoke\20210329_092745\requests\main\82.har

2021-03-29 09:28:56 - [MESSAGE][PASSED] - Send request successfully

2021-03-29 09:28:56 - [MESSAGE][INFO] - HAR: D:\Working\AUTO\KATAWEB\popstestautomation\POPSTestAutomation\Reports\20210329_092745\POPS App\POPSApp_DailySmoke\20210329_092745\requests\main\83.har

2021-03-29 09:28:56 - [MESSAGE][PASSED] - Send request successfully

2021-03-29 09:28:56 - [MESSAGE][INFO] - HAR: D:\Working\AUTO\KATAWEB\popstestautomation\POPSTestAutomation\Reports\20210329_092745\POPS App\POPSApp_DailySmoke\20210329_092745\requests\main\84.har

2021-03-29 09:28:56 - [MESSAGE][PASSED] - Send request successfully

2021-03-29 09:28:56 - [MESSAGE][INFO] - HAR: D:\Working\AUTO\KATAWEB\popstestautomation\POPSTestAutomation\Reports\20210329_092745\POPS App\POPSApp_DailySmoke\20210329_092745\requests\main\85.har

2021-03-29 09:28:56 - [MESSAGE][PASSED] - Send request successfully

2021-03-29 09:28:56 - [MESSAGE][INFO] - HAR: D:\Working\AUTO\KATAWEB\popstestautomation\POPSTestAutomation\Reports\20210329_092745\POPS App\POPSApp_DailySmoke\20210329_092745\requests\main\86.har

2021-03-29 09:28:56 - [MESSAGE][PASSED] - Send request successfully

2021-03-29 09:28:56 - [MESSAGE][INFO] - HAR: D:\Working\AUTO\KATAWEB\popstestautomation\POPSTestAutomation\Reports\20210329_092745\POPS App\POPSApp_DailySmoke\20210329_092745\requests\main\87.har

2021-03-29 09:28:56 - [MESSAGE][PASSED] - Send request successfully

2021-03-29 09:28:56 - [MESSAGE][INFO] - HAR: D:\Working\AUTO\KATAWEB\popstestautomation\POPSTestAutomation\Reports\20210329_092745\POPS App\POPSApp_DailySmoke\20210329_092745\requests\main\88.har

2021-03-29 09:28:56 - [MESSAGE][PASSED] - Send request successfully

2021-03-29 09:28:57 - [MESSAGE][INFO] - HAR: D:\Working\AUTO\KATAWEB\popstestautomation\POPSTestAutomation\Reports\20210329_092745\POPS App\POPSApp_DailySmoke\20210329_092745\requests\main\89.har

2021-03-29 09:28:57 - [MESSAGE][PASSED] - Send request successfully

2021-03-29 09:28:57 - [MESSAGE][INFO] - HAR: D:\Working\AUTO\KATAWEB\popstestautomation\POPSTestAutomation\Reports\20210329_092745\POPS App\POPSApp_DailySmoke\20210329_092745\requests\main\90.har

2021-03-29 09:28:57 - [MESSAGE][PASSED] - Send request successfully

2021-03-29 09:28:57 - [MESSAGE][INFO] - HAR: D:\Working\AUTO\KATAWEB\popstestautomation\POPSTestAutomation\Reports\20210329_092745\POPS App\POPSApp_DailySmoke\20210329_092745\requests\main\91.har

2021-03-29 09:28:57 - [MESSAGE][PASSED] - Send request successfully

2021-03-29 09:28:58 - [MESSAGE][INFO] - HAR: D:\Working\AUTO\KATAWEB\popstestautomation\POPSTestAutomation\Reports\20210329_092745\POPS App\POPSApp_DailySmoke\20210329_092745\requests\main\92.har

2021-03-29 09:28:58 - [MESSAGE][PASSED] - Send request successfully

2021-03-29 09:28:58 - [MESSAGE][INFO] - HAR: D:\Working\AUTO\KATAWEB\popstestautomation\POPSTestAutomation\Reports\20210329_092745\POPS App\POPSApp_DailySmoke\20210329_092745\requests\main\93.har

2021-03-29 09:28:58 - [MESSAGE][PASSED] - Send request successfully

2021-03-29 09:28:58 - [MESSAGE][INFO] - HAR: D:\Working\AUTO\KATAWEB\popstestautomation\POPSTestAutomation\Reports\20210329_092745\POPS App\POPSApp_DailySmoke\20210329_092745\requests\main\94.har

2021-03-29 09:28:58 - [MESSAGE][PASSED] - Send request successfully

2021-03-29 09:28:58 - [MESSAGE][INFO] - HAR: D:\Working\AUTO\KATAWEB\popstestautomation\POPSTestAutomation\Reports\20210329_092745\POPS App\POPSApp_DailySmoke\20210329_092745\requests\main\95.har

2021-03-29 09:28:58 - [MESSAGE][PASSED] - Send request successfully

2021-03-29 09:28:58 - [MESSAGE][INFO] - HAR: D:\Working\AUTO\KATAWEB\popstestautomation\POPSTestAutomation\Reports\20210329_092745\POPS App\POPSApp_DailySmoke\20210329_092745\requests\main\96.har

2021-03-29 09:28:58 - [MESSAGE][PASSED] - Send request successfully

2021-03-29 09:28:59 - [MESSAGE][INFO] - HAR: D:\Working\AUTO\KATAWEB\popstestautomation\POPSTestAutomation\Reports\20210329_092745\POPS App\POPSApp_DailySmoke\20210329_092745\requests\main\97.har

2021-03-29 09:28:59 - [MESSAGE][PASSED] - Send request successfully

2021-03-29 09:28:59 - [MESSAGE][INFO] - HAR: D:\Working\AUTO\KATAWEB\popstestautomation\POPSTestAutomation\Reports\20210329_092745\POPS App\POPSApp_DailySmoke\20210329_092745\requests\main\98.har

2021-03-29 09:28:59 - [MESSAGE][PASSED] - Send request successfully

2021-03-29 09:28:59 - [MESSAGE][INFO] - HAR: D:\Working\AUTO\KATAWEB\popstestautomation\POPSTestAutomation\Reports\20210329_092745\POPS App\POPSApp_DailySmoke\20210329_092745\requests\main\99.har

2021-03-29 09:28:59 - [MESSAGE][PASSED] - Send request successfully

2021-03-29 09:28:59 - [MESSAGE][INFO] - HAR: D:\Working\AUTO\KATAWEB\popstestautomation\POPSTestAutomation\Reports\20210329_092745\POPS App\POPSApp_DailySmoke\20210329_092745\requests\main\100.har

2021-03-29 09:28:59 - [MESSAGE][PASSED] - Send request successfully

2021-03-29 09:28:59 - [MESSAGE][INFO] - HAR: D:\Working\AUTO\KATAWEB\popstestautomation\POPSTestAutomation\Reports\20210329_092745\POPS App\POPSApp_DailySmoke\20210329_092745\requests\main\101.har

2021-03-29 09:28:59 - [MESSAGE][PASSED] - Send request successfully

2021-03-29 09:28:59 - [MESSAGE][INFO] - HAR: D:\Working\AUTO\KATAWEB\popstestautomation\POPSTestAutomation\Reports\20210329_092745\POPS App\POPSApp_DailySmoke\20210329_092745\requests\main\102.har

2021-03-29 09:28:59 - [MESSAGE][PASSED] - Send request successfully

2021-03-29 09:29:00 - [MESSAGE][INFO] - HAR: D:\Working\AUTO\KATAWEB\popstestautomation\POPSTestAutomation\Reports\20210329_092745\POPS App\POPSApp_DailySmoke\20210329_092745\requests\main\103.har

2021-03-29 09:29:00 - [MESSAGE][PASSED] - Send request successfully

2021-03-29 09:29:00 - [MESSAGE][INFO] - HAR: D:\Working\AUTO\KATAWEB\popstestautomation\POPSTestAutomation\Reports\20210329_092745\POPS App\POPSApp_DailySmoke\20210329_092745\requests\main\104.har

2021-03-29 09:29:00 - [MESSAGE][PASSED] - Send request successfully

2021-03-29 09:29:00 - [MESSAGE][INFO] - HAR: D:\Working\AUTO\KATAWEB\popstestautomation\POPSTestAutomation\Reports\20210329_092745\POPS App\POPSApp_DailySmoke\20210329_092745\requests\main\105.har

2021-03-29 09:29:00 - [MESSAGE][PASSED] - Send request successfully

2021-03-29 09:29:00 - [MESSAGE][INFO] - HAR: D:\Working\AUTO\KATAWEB\popstestautomation\POPSTestAutomation\Reports\20210329_092745\POPS App\POPSApp_DailySmoke\20210329_092745\requests\main\106.har

2021-03-29 09:29:00 - [MESSAGE][PASSED] - Send request successfully

2021-03-29 09:29:00 - [MESSAGE][INFO] - HAR: D:\Working\AUTO\KATAWEB\popstestautomation\POPSTestAutomation\Reports\20210329_092745\POPS App\POPSApp_DailySmoke\20210329_092745\requests\main\107.har

2021-03-29 09:29:00 - [MESSAGE][PASSED] - Send request successfully

2021-03-29 09:29:00 - [MESSAGE][INFO] - HAR: D:\Working\AUTO\KATAWEB\popstestautomation\POPSTestAutomation\Reports\20210329_092745\POPS App\POPSApp_DailySmoke\20210329_092745\requests\main\108.har

2021-03-29 09:29:00 - [MESSAGE][PASSED] - Send request successfully

2021-03-29 09:29:00 - [MESSAGE][INFO] - HAR: D:\Working\AUTO\KATAWEB\popstestautomation\POPSTestAutomation\Reports\20210329_092745\POPS App\POPSApp_DailySmoke\20210329_092745\requests\main\109.har

2021-03-29 09:29:00 - [MESSAGE][PASSED] - Send request successfully

2021-03-29 09:29:01 - [MESSAGE][INFO] - HAR: D:\Working\AUTO\KATAWEB\popstestautomation\POPSTestAutomation\Reports\20210329_092745\POPS App\POPSApp_DailySmoke\20210329_092745\requests\main\110.har

2021-03-29 09:29:01 - [MESSAGE][PASSED] - Send request successfully

2021-03-29 09:29:01 - [MESSAGE][INFO] - HAR: D:\Working\AUTO\KATAWEB\popstestautomation\POPSTestAutomation\Reports\20210329_092745\POPS App\POPSApp_DailySmoke\20210329_092745\requests\main\111.har

2021-03-29 09:29:01 - [MESSAGE][PASSED] - Send request successfully

2021-03-29 09:29:01 - [MESSAGE][INFO] - HAR: D:\Working\AUTO\KATAWEB\popstestautomation\POPSTestAutomation\Reports\20210329_092745\POPS App\POPSApp_DailySmoke\20210329_092745\requests\main\112.har

2021-03-29 09:29:01 - [MESSAGE][PASSED] - Send request successfully

2021-03-29 09:29:01 - [MESSAGE][INFO] - HAR: D:\Working\AUTO\KATAWEB\popstestautomation\POPSTestAutomation\Reports\20210329_092745\POPS App\POPSApp_DailySmoke\20210329_092745\requests\main\113.har

2021-03-29 09:29:01 - [MESSAGE][PASSED] - Send request successfully

2021-03-29 09:29:02 - [MESSAGE][INFO] - HAR: D:\Working\AUTO\KATAWEB\popstestautomation\POPSTestAutomation\Reports\20210329_092745\POPS App\POPSApp_DailySmoke\20210329_092745\requests\main\114.har

2021-03-29 09:29:02 - [MESSAGE][PASSED] - Send request successfully

2021-03-29 09:29:02 - [MESSAGE][INFO] - HAR: D:\Working\AUTO\KATAWEB\popstestautomation\POPSTestAutomation\Reports\20210329_092745\POPS App\POPSApp_DailySmoke\20210329_092745\requests\main\115.har

2021-03-29 09:29:02 - [MESSAGE][PASSED] - Send request successfully

2021-03-29 09:29:02 - [MESSAGE][INFO] - HAR: D:\Working\AUTO\KATAWEB\popstestautomation\POPSTestAutomation\Reports\20210329_092745\POPS App\POPSApp_DailySmoke\20210329_092745\requests\main\116.har

2021-03-29 09:29:02 - [MESSAGE][PASSED] - Send request successfully

2021-03-29 09:29:02 - [MESSAGE][INFO] - HAR: D:\Working\AUTO\KATAWEB\popstestautomation\POPSTestAutomation\Reports\20210329_092745\POPS App\POPSApp_DailySmoke\20210329_092745\requests\main\117.har

2021-03-29 09:29:02 - [MESSAGE][PASSED] - Send request successfully

2021-03-29 09:29:02 - [MESSAGE][INFO] - HAR: D:\Working\AUTO\KATAWEB\popstestautomation\POPSTestAutomation\Reports\20210329_092745\POPS App\POPSApp_DailySmoke\20210329_092745\requests\main\118.har

2021-03-29 09:29:02 - [MESSAGE][PASSED] - Send request successfully

2021-03-29 09:29:03 - [MESSAGE][INFO] - HAR: D:\Working\AUTO\KATAWEB\popstestautomation\POPSTestAutomation\Reports\20210329_092745\POPS App\POPSApp_DailySmoke\20210329_092745\requests\main\119.har

2021-03-29 09:29:03 - [MESSAGE][PASSED] - Send request successfully

2021-03-29 09:29:03 - [MESSAGE][INFO] - HAR: D:\Working\AUTO\KATAWEB\popstestautomation\POPSTestAutomation\Reports\20210329_092745\POPS App\POPSApp_DailySmoke\20210329_092745\requests\main\120.har

2021-03-29 09:29:03 - [MESSAGE][PASSED] - Send request successfully

2021-03-29 09:29:04 - [MESSAGE][INFO] - HAR: D:\Working\AUTO\KATAWEB\popstestautomation\POPSTestAutomation\Reports\20210329_092745\POPS App\POPSApp_DailySmoke\20210329_092745\requests\main\121.har

2021-03-29 09:29:04 - [MESSAGE][PASSED] - Send request successfully

2021-03-29 09:29:04 - [MESSAGE][INFO] - HAR: D:\Working\AUTO\KATAWEB\popstestautomation\POPSTestAutomation\Reports\20210329_092745\POPS App\POPSApp_DailySmoke\20210329_092745\requests\main\122.har

2021-03-29 09:29:04 - [MESSAGE][PASSED] - Send request successfully

2021-03-29 09:29:04 - [MESSAGE][INFO] - HAR: D:\Working\AUTO\KATAWEB\popstestautomation\POPSTestAutomation\Reports\20210329_092745\POPS App\POPSApp_DailySmoke\20210329_092745\requests\main\123.har

2021-03-29 09:29:04 - [MESSAGE][PASSED] - Send request successfully

2021-03-29 09:29:04 - [MESSAGE][INFO] - HAR: D:\Working\AUTO\KATAWEB\popstestautomation\POPSTestAutomation\Reports\20210329_092745\POPS App\POPSApp_DailySmoke\20210329_092745\requests\main\124.har

2021-03-29 09:29:04 - [MESSAGE][PASSED] - Send request successfully

2021-03-29 09:29:04 - [MESSAGE][INFO] - HAR: D:\Working\AUTO\KATAWEB\popstestautomation\POPSTestAutomation\Reports\20210329_092745\POPS App\POPSApp_DailySmoke\20210329_092745\requests\main\125.har

2021-03-29 09:29:04 - [MESSAGE][PASSED] - Send request successfully

2021-03-29 09:29:04 - [MESSAGE][INFO] - HAR: D:\Working\AUTO\KATAWEB\popstestautomation\POPSTestAutomation\Reports\20210329_092745\POPS App\POPSApp_DailySmoke\20210329_092745\requests\main\126.har

2021-03-29 09:29:04 - [MESSAGE][PASSED] - Send request successfully

2021-03-29 09:29:05 - [MESSAGE][INFO] - HAR: D:\Working\AUTO\KATAWEB\popstestautomation\POPSTestAutomation\Reports\20210329_092745\POPS App\POPSApp_DailySmoke\20210329_092745\requests\main\127.har

2021-03-29 09:29:05 - [MESSAGE][PASSED] - Send request successfully

2021-03-29 09:29:06 - [MESSAGE][INFO] - HAR: D:\Working\AUTO\KATAWEB\popstestautomation\POPSTestAutomation\Reports\20210329_092745\POPS App\POPSApp_DailySmoke\20210329_092745\requests\main\128.har

2021-03-29 09:29:06 - [MESSAGE][PASSED] - Send request successfully

2021-03-29 09:29:06 - [MESSAGE][INFO] - HAR: D:\Working\AUTO\KATAWEB\popstestautomation\POPSTestAutomation\Reports\20210329_092745\POPS App\POPSApp_DailySmoke\20210329_092745\requests\main\129.har

2021-03-29 09:29:06 - [MESSAGE][PASSED] - Send request successfully

2021-03-29 09:29:06 - [MESSAGE][INFO] - HAR: D:\Working\AUTO\KATAWEB\popstestautomation\POPSTestAutomation\Reports\20210329_092745\POPS App\POPSApp_DailySmoke\20210329_092745\requests\main\130.har

2021-03-29 09:29:06 - [MESSAGE][PASSED] - Send request successfully

2021-03-29 09:29:06 - [MESSAGE][INFO] - HAR: D:\Working\AUTO\KATAWEB\popstestautomation\POPSTestAutomation\Reports\20210329_092745\POPS App\POPSApp_DailySmoke\20210329_092745\requests\main\131.har

2021-03-29 09:29:06 - [MESSAGE][PASSED] - Send request successfully

2021-03-29 09:29:06 - [MESSAGE][INFO] - HAR: D:\Working\AUTO\KATAWEB\popstestautomation\POPSTestAutomation\Reports\20210329_092745\POPS App\POPSApp_DailySmoke\20210329_092745\requests\main\132.har

2021-03-29 09:29:06 - [MESSAGE][PASSED] - Send request successfully

2021-03-29 09:29:06 - [MESSAGE][INFO] - HAR: D:\Working\AUTO\KATAWEB\popstestautomation\POPSTestAutomation\Reports\20210329_092745\POPS App\POPSApp_DailySmoke\20210329_092745\requests\main\133.har

2021-03-29 09:29:06 - [MESSAGE][PASSED] - Send request successfully

2021-03-29 09:29:06 - [MESSAGE][INFO] - HAR: D:\Working\AUTO\KATAWEB\popstestautomation\POPSTestAutomation\Reports\20210329_092745\POPS App\POPSApp_DailySmoke\20210329_092745\requests\main\134.har

2021-03-29 09:29:06 - [MESSAGE][PASSED] - Send request successfully

2021-03-29 09:29:06 - [MESSAGE][INFO] - HAR: D:\Working\AUTO\KATAWEB\popstestautomation\POPSTestAutomation\Reports\20210329_092745\POPS App\POPSApp_DailySmoke\20210329_092745\requests\main\135.har

2021-03-29 09:29:06 - [MESSAGE][PASSED] - Send request successfully

2021-03-29 09:29:06 - [MESSAGE][INFO] - HAR: D:\Working\AUTO\KATAWEB\popstestautomation\POPSTestAutomation\Reports\20210329_092745\POPS App\POPSApp_DailySmoke\20210329_092745\requests\main\136.har

2021-03-29 09:29:06 - [MESSAGE][PASSED] - Send request successfully

2021-03-29 09:29:07 - [MESSAGE][INFO] - HAR: D:\Working\AUTO\KATAWEB\popstestautomation\POPSTestAutomation\Reports\20210329_092745\POPS App\POPSApp_DailySmoke\20210329_092745\requests\main\137.har

2021-03-29 09:29:07 - [MESSAGE][PASSED] - Send request successfully

2021-03-29 09:29:07 - [MESSAGE][INFO] - HAR: D:\Working\AUTO\KATAWEB\popstestautomation\POPSTestAutomation\Reports\20210329_092745\POPS App\POPSApp_DailySmoke\20210329_092745\requests\main\138.har

2021-03-29 09:29:07 - [MESSAGE][PASSED] - Send request successfully

2021-03-29 09:29:07 - [MESSAGE][INFO] - HAR: D:\Working\AUTO\KATAWEB\popstestautomation\POPSTestAutomation\Reports\20210329_092745\POPS App\POPSApp_DailySmoke\20210329_092745\requests\main\139.har

2021-03-29 09:29:07 - [MESSAGE][PASSED] - Send request successfully

2021-03-29 09:29:07 - [MESSAGE][INFO] - HAR: D:\Working\AUTO\KATAWEB\popstestautomation\POPSTestAutomation\Reports\20210329_092745\POPS App\POPSApp_DailySmoke\20210329_092745\requests\main\140.har

2021-03-29 09:29:07 - [MESSAGE][PASSED] - Send request successfully

2021-03-29 09:29:07 - [MESSAGE][INFO] - HAR: D:\Working\AUTO\KATAWEB\popstestautomation\POPSTestAutomation\Reports\20210329_092745\POPS App\POPSApp_DailySmoke\20210329_092745\requests\main\141.har

2021-03-29 09:29:07 - [MESSAGE][PASSED] - Send request successfully

2021-03-29 09:29:07 - [MESSAGE][INFO] - HAR: D:\Working\AUTO\KATAWEB\popstestautomation\POPSTestAutomation\Reports\20210329_092745\POPS App\POPSApp_DailySmoke\20210329_092745\requests\main\142.har

2021-03-29 09:29:07 - [MESSAGE][PASSED] - Send request successfully

2021-03-29 09:29:07 - [MESSAGE][INFO] - HAR: D:\Working\AUTO\KATAWEB\popstestautomation\POPSTestAutomation\Reports\20210329_092745\POPS App\POPSApp_DailySmoke\20210329_092745\requests\main\143.har

2021-03-29 09:29:07 - [MESSAGE][PASSED] - Send request successfully

2021-03-29 09:29:08 - [MESSAGE][INFO] - HAR: D:\Working\AUTO\KATAWEB\popstestautomation\POPSTestAutomation\Reports\20210329_092745\POPS App\POPSApp_DailySmoke\20210329_092745\requests\main\144.har

2021-03-29 09:29:08 - [MESSAGE][PASSED] - Send request successfully

2021-03-29 09:29:08 - [MESSAGE][INFO] - HAR: D:\Working\AUTO\KATAWEB\popstestautomation\POPSTestAutomation\Reports\20210329_092745\POPS App\POPSApp_DailySmoke\20210329_092745\requests\main\145.har

2021-03-29 09:29:08 - [MESSAGE][PASSED] - Send request successfully

2021-03-29 09:29:08 - [MESSAGE][INFO] - HAR: D:\Working\AUTO\KATAWEB\popstestautomation\POPSTestAutomation\Reports\20210329_092745\POPS App\POPSApp_DailySmoke\20210329_092745\requests\main\146.har

2021-03-29 09:29:08 - [MESSAGE][PASSED] - Send request successfully

2021-03-29 09:29:08 - [MESSAGE][INFO] - HAR: D:\Working\AUTO\KATAWEB\popstestautomation\POPSTestAutomation\Reports\20210329_092745\POPS App\POPSApp_DailySmoke\20210329_092745\requests\main\147.har

2021-03-29 09:29:08 - [MESSAGE][PASSED] - Send request successfully

2021-03-29 09:29:08 - [MESSAGE][INFO] - HAR: D:\Working\AUTO\KATAWEB\popstestautomation\POPSTestAutomation\Reports\20210329_092745\POPS App\POPSApp_DailySmoke\20210329_092745\requests\main\148.har

2021-03-29 09:29:08 - [MESSAGE][PASSED] - Send request successfully

2021-03-29 09:29:08 - [MESSAGE][INFO] - HAR: D:\Working\AUTO\KATAWEB\popstestautomation\POPSTestAutomation\Reports\20210329_092745\POPS App\POPSApp_DailySmoke\20210329_092745\requests\main\149.har

2021-03-29 09:29:08 - [MESSAGE][PASSED] - Send request successfully

2021-03-29 09:29:09 - [MESSAGE][INFO] - HAR: D:\Working\AUTO\KATAWEB\popstestautomation\POPSTestAutomation\Reports\20210329_092745\POPS App\POPSApp_DailySmoke\20210329_092745\requests\main\150.har

2021-03-29 09:29:09 - [MESSAGE][PASSED] - Send request successfully

2021-03-29 09:29:09 - [MESSAGE][INFO] - HAR: D:\Working\AUTO\KATAWEB\popstestautomation\POPSTestAutomation\Reports\20210329_092745\POPS App\POPSApp_DailySmoke\20210329_092745\requests\main\151.har

2021-03-29 09:29:09 - [MESSAGE][PASSED] - Send request successfully

2021-03-29 09:29:09 - [MESSAGE][INFO] - HAR: D:\Working\AUTO\KATAWEB\popstestautomation\POPSTestAutomation\Reports\20210329_092745\POPS App\POPSApp_DailySmoke\20210329_092745\requests\main\152.har

2021-03-29 09:29:09 - [MESSAGE][PASSED] - Send request successfully

2021-03-29 09:29:09 - [MESSAGE][INFO] - HAR: D:\Working\AUTO\KATAWEB\popstestautomation\POPSTestAutomation\Reports\20210329_092745\POPS App\POPSApp_DailySmoke\20210329_092745\requests\main\153.har

2021-03-29 09:29:09 - [MESSAGE][PASSED] - Send request successfully

2021-03-29 09:29:09 - [MESSAGE][INFO] - HAR: D:\Working\AUTO\KATAWEB\popstestautomation\POPSTestAutomation\Reports\20210329_092745\POPS App\POPSApp_DailySmoke\20210329_092745\requests\main\154.har

2021-03-29 09:29:09 - [MESSAGE][PASSED] - Send request successfully

2021-03-29 09:29:10 - [MESSAGE][INFO] - HAR: D:\Working\AUTO\KATAWEB\popstestautomation\POPSTestAutomation\Reports\20210329_092745\POPS App\POPSApp_DailySmoke\20210329_092745\requests\main\155.har

2021-03-29 09:29:10 - [MESSAGE][PASSED] - Send request successfully

2021-03-29 09:29:10 - [MESSAGE][INFO] - HAR: D:\Working\AUTO\KATAWEB\popstestautomation\POPSTestAutomation\Reports\20210329_092745\POPS App\POPSApp_DailySmoke\20210329_092745\requests\main\156.har

2021-03-29 09:29:10 - [MESSAGE][PASSED] - Send request successfully

2021-03-29 09:29:10 - [MESSAGE][INFO] - HAR: D:\Working\AUTO\KATAWEB\popstestautomation\POPSTestAutomation\Reports\20210329_092745\POPS App\POPSApp_DailySmoke\20210329_092745\requests\main\157.har

2021-03-29 09:29:10 - [MESSAGE][PASSED] - Send request successfully

2021-03-29 09:29:10 - [MESSAGE][INFO] - HAR: D:\Working\AUTO\KATAWEB\popstestautomation\POPSTestAutomation\Reports\20210329_092745\POPS App\POPSApp_DailySmoke\20210329_092745\requests\main\158.har

2021-03-29 09:29:10 - [MESSAGE][PASSED] - Send request successfully

2021-03-29 09:29:10 - [MESSAGE][INFO] - HAR: D:\Working\AUTO\KATAWEB\popstestautomation\POPSTestAutomation\Reports\20210329_092745\POPS App\POPSApp_DailySmoke\20210329_092745\requests\main\159.har

2021-03-29 09:29:10 - [MESSAGE][PASSED] - Send request successfully

2021-03-29 09:29:11 - [MESSAGE][INFO] - HAR: D:\Working\AUTO\KATAWEB\popstestautomation\POPSTestAutomation\Reports\20210329_092745\POPS App\POPSApp_DailySmoke\20210329_092745\requests\main\160.har

2021-03-29 09:29:11 - [MESSAGE][PASSED] - Send request successfully

2021-03-29 09:29:11 - [MESSAGE][INFO] - HAR: D:\Working\AUTO\KATAWEB\popstestautomation\POPSTestAutomation\Reports\20210329_092745\POPS App\POPSApp_DailySmoke\20210329_092745\requests\main\161.har

2021-03-29 09:29:11 - [MESSAGE][PASSED] - Send request successfully

2021-03-29 09:29:11 - [MESSAGE][INFO] - HAR: D:\Working\AUTO\KATAWEB\popstestautomation\POPSTestAutomation\Reports\20210329_092745\POPS App\POPSApp_DailySmoke\20210329_092745\requests\main\162.har

2021-03-29 09:29:11 - [MESSAGE][PASSED] - Send request successfully

2021-03-29 09:29:11 - [MESSAGE][INFO] - HAR: D:\Working\AUTO\KATAWEB\popstestautomation\POPSTestAutomation\Reports\20210329_092745\POPS App\POPSApp_DailySmoke\20210329_092745\requests\main\163.har

2021-03-29 09:29:11 - [MESSAGE][PASSED] - Send request successfully

2021-03-29 09:29:11 - [MESSAGE][INFO] - HAR: D:\Working\AUTO\KATAWEB\popstestautomation\POPSTestAutomation\Reports\20210329_092745\POPS App\POPSApp_DailySmoke\20210329_092745\requests\main\164.har

2021-03-29 09:29:11 - [MESSAGE][PASSED] - Send request successfully

2021-03-29 09:29:12 - [MESSAGE][INFO] - HAR: D:\Working\AUTO\KATAWEB\popstestautomation\POPSTestAutomation\Reports\20210329_092745\POPS App\POPSApp_DailySmoke\20210329_092745\requests\main\165.har

2021-03-29 09:29:12 - [MESSAGE][PASSED] - Send request successfully

2021-03-29 09:29:12 - [MESSAGE][INFO] - HAR: D:\Working\AUTO\KATAWEB\popstestautomation\POPSTestAutomation\Reports\20210329_092745\POPS App\POPSApp_DailySmoke\20210329_092745\requests\main\166.har

2021-03-29 09:29:12 - [MESSAGE][PASSED] - Send request successfully

2021-03-29 09:29:12 - [MESSAGE][INFO] - HAR: D:\Working\AUTO\KATAWEB\popstestautomation\POPSTestAutomation\Reports\20210329_092745\POPS App\POPSApp_DailySmoke\20210329_092745\requests\main\167.har

2021-03-29 09:29:12 - [MESSAGE][PASSED] - Send request successfully

2021-03-29 09:29:12 - [MESSAGE][INFO] - HAR: D:\Working\AUTO\KATAWEB\popstestautomation\POPSTestAutomation\Reports\20210329_092745\POPS App\POPSApp_DailySmoke\20210329_092745\requests\main\168.har

2021-03-29 09:29:12 - [MESSAGE][PASSED] - Send request successfully

2021-03-29 09:29:12 - [MESSAGE][INFO] - HAR: D:\Working\AUTO\KATAWEB\popstestautomation\POPSTestAutomation\Reports\20210329_092745\POPS App\POPSApp_DailySmoke\20210329_092745\requests\main\169.har

2021-03-29 09:29:12 - [MESSAGE][PASSED] - Send request successfully

2021-03-29 09:29:13 - [MESSAGE][INFO] - HAR: D:\Working\AUTO\KATAWEB\popstestautomation\POPSTestAutomation\Reports\20210329_092745\POPS App\POPSApp_DailySmoke\20210329_092745\requests\main\170.har

2021-03-29 09:29:13 - [MESSAGE][PASSED] - Send request successfully

2021-03-29 09:29:13 - [MESSAGE][INFO] - HAR: D:\Working\AUTO\KATAWEB\popstestautomation\POPSTestAutomation\Reports\20210329_092745\POPS App\POPSApp_DailySmoke\20210329_092745\requests\main\171.har

2021-03-29 09:29:13 - [MESSAGE][PASSED] - Send request successfully

2021-03-29 09:29:13 - [MESSAGE][INFO] - HAR: D:\Working\AUTO\KATAWEB\popstestautomation\POPSTestAutomation\Reports\20210329_092745\POPS App\POPSApp_DailySmoke\20210329_092745\requests\main\172.har

2021-03-29 09:29:13 - [MESSAGE][PASSED] - Send request successfully

2021-03-29 09:29:13 - [MESSAGE][INFO] - HAR: D:\Working\AUTO\KATAWEB\popstestautomation\POPSTestAutomation\Reports\20210329_092745\POPS App\POPSApp_DailySmoke\20210329_092745\requests\main\173.har

2021-03-29 09:29:13 - [MESSAGE][PASSED] - Send request successfully

2021-03-29 09:29:14 - [MESSAGE][INFO] - HAR: D:\Working\AUTO\KATAWEB\popstestautomation\POPSTestAutomation\Reports\20210329_092745\POPS App\POPSApp_DailySmoke\20210329_092745\requests\main\174.har

2021-03-29 09:29:14 - [MESSAGE][PASSED] - Send request successfully

2021-03-29 09:29:14 - [MESSAGE][INFO] - HAR: D:\Working\AUTO\KATAWEB\popstestautomation\POPSTestAutomation\Reports\20210329_092745\POPS App\POPSApp_DailySmoke\20210329_092745\requests\main\175.har

[...]
	at com.kms.katalon.core.webui.keyword.builtin.VerifyElementVisibleInViewportKeyword.verifyElementVisibleInViewport(VerifyElementVisibleInViewportKeyword.groovy:86)
	at com.kms.katalon.core.webui.keyword.builtin.VerifyElementVisibleInViewportKeyword.execute(VerifyElementVisibleInViewportKeyword.groovy:68)
	at com.kms.katalon.core.keyword.internal.KeywordExecutor.executeKeywordForPlatform(KeywordExecutor.groovy:73)
	at com.kms.katalon.core.webui.keyword.WebUiBuiltInKeywords.verifyElementInViewport(WebUiBuiltInKeywords.groovy:4050)
	at com.kms.katalon.core.webui.keyword.WebUiBuiltInKeywords$verifyElementInViewport$3.call(Unknown Source)
	at commonActions.BaseActions.ScrollToFooter(BaseActions.groovy:44)
	at commonActions.BaseActions.invokeMethod(BaseActions.groovy)
	at com.kms.katalon.core.main.CustomKeywordDelegatingMetaClass.invokeStaticMethod(CustomKeywordDelegatingMetaClass.java:50)
	at VerifyRecommandationDisplayed.run(VerifyRecommandationDisplayed:24)
	at com.kms.katalon.core.main.ScriptEngine.run(ScriptEngine.java:194)
	at com.kms.katalon.core.main.ScriptEngine.runScriptAsRawText(ScriptEngine.java:119)
	at com.kms.katalon.core.main.TestCaseExecutor.runScript(TestCaseExecutor.java:398)
	at com.kms.katalon.core.main.TestCaseExecutor.doExecute(TestCaseExecutor.java:389)
	at com.kms.katalon.core.main.TestCaseExecutor.processExecutionPhase(TestCaseExecutor.java:368)
	at com.kms.katalon.core.main.TestCaseExecutor.accessMainPhase(TestCaseExecutor.java:360)
	at com.kms.katalon.core.main.TestCaseExecutor.execute(TestCaseExecutor.java:255)
	at com.kms.katalon.core.main.TestSuiteExecutor.accessTestCaseMainPhase(TestSuiteExecutor.java:203)
	at com.kms.katalon.core.main.TestSuiteExecutor.accessTestSuiteMainPhase(TestSuiteExecutor.java:152)
	at com.kms.katalon.core.main.TestSuiteExecutor.execute(TestSuiteExecutor.java:95)
	at com.kms.katalon.core.main.TestCaseMain.startTestSuite(TestCaseMain.java:157)
	at com.kms.katalon.core.main.TestCaseMain$startTestSuite$0.call(Unknown Source)
	at TempTestSuite1616984865844.run(TempTestSuite1616984865844.groovy:39)
)
[[ATTACHMENT|D:\\Working\\AUTO\\KATAWEB\\popstestautomation\\POPSTestAutomation\\Reports\\20210329_092745\\POPS App\\POPSApp_DailySmoke\\20210329_092745\\1616985698064.png]]

2021-03-29 09:41:38 - [MESSAGE][PASSED] - Execute JavaScript 'window.scrollTo(0, document.body.scrollHeight)' successfully

2021-03-29 09:41:40 - [MESSAGE][PASSED] - Delayed 2 second(s)

2021-03-29 09:41:41 - [MESSAGE][WARNING] - Object 'Object Repository/POPS App UI/Footer/POPS_Logo_In_Footer' is present but is not visible in viewport (Root cause: com.kms.katalon.core.exception.StepFailedException: Object 'Object Repository/POPS App UI/Footer/POPS_Logo_In_Footer' is present but is not visible in viewport
	at com.kms.katalon.core.webui.keyword.internal.WebUIKeywordMain.stepFailed(WebUIKeywordMain.groovy:64)
	at com.kms.katalon.core.webui.keyword.builtin.VerifyElementVisibleInViewportKeyword$_verifyElementVisibleInViewport_closure1.doCall(VerifyElementVisibleInViewportKeyword.groovy:79)
	at com.kms.katalon.core.webui.keyword.builtin.VerifyElementVisibleInViewportKeyword$_verifyElementVisibleInViewport_closure1.call(VerifyElementVisibleInViewportKeyword.groovy)
	at com.kms.katalon.core.webui.keyword.internal.WebUIKeywordMain.runKeyword(WebUIKeywordMain.groovy:20)
	at com.kms.katalon.core.webui.keyword.builtin.VerifyElementVisibleInViewportKeyword.verifyElementVisibleInViewport(VerifyElementVisibleInViewportKeyword.groovy:86)
	at com.kms.katalon.core.webui.keyword.builtin.VerifyElementVisibleInViewportKeyword.execute(VerifyElementVisibleInViewportKeyword.groovy:68)
	at com.kms.katalon.core.keyword.internal.KeywordExecutor.executeKeywordForPlatform(KeywordExecutor.groovy:73)
	at com.kms.katalon.core.webui.keyword.WebUiBuiltInKeywords.verifyElementInViewport(WebUiBuiltInKeywords.groovy:4050)
	at com.kms.katalon.core.webui.keyword.WebUiBuiltInKeywords$verifyElementInViewport$3.call(Unknown Source)
	at commonActions.BaseActions.ScrollToFooter(BaseActions.groovy:44)
	at commonActions.BaseActions.invokeMethod(BaseActions.groovy)
	at com.kms.katalon.core.main.CustomKeywordDelegatingMetaClass.invokeStaticMethod(CustomKeywordDelegatingMetaClass.java:50)
	at VerifyRecommandationDisplayed.run(VerifyRecommandationDisplayed:24)
	at com.kms.katalon.core.main.ScriptEngine.run(ScriptEngine.java:194)
	at com.kms.katalon.core.main.ScriptEngine.runScriptAsRawText(ScriptEngine.java:119)
	at com.kms.katalon.core.main.TestCaseExecutor.runScript(TestCaseExecutor.java:398)
	at com.kms.katalon.core.main.TestCaseExecutor.doExecute(TestCaseExecutor.java:389)
	at com.kms.katalon.core.main.TestCaseExecutor.processExecutionPhase(TestCaseExecutor.java:368)
	at com.kms.katalon.core.main.TestCaseExecutor.accessMainPhase(TestCaseExecutor.java:360)
	at com.kms.katalon.core.main.TestCaseExecutor.execute(TestCaseExecutor.java:255)
	at com.kms.katalon.core.main.TestSuiteExecutor.accessTestCaseMainPhase(TestSuiteExecutor.java:203)
	at com.kms.katalon.core.main.TestSuiteExecutor.accessTestSuiteMainPhase(TestSuiteExecutor.java:152)
	at com.kms.katalon.core.main.TestSuiteExecutor.execute(TestSuiteExecutor.java:95)
	at com.kms.katalon.core.main.TestCaseMain.startTestSuite(TestCaseMain.java:157)
	at com.kms.katalon.core.main.TestCaseMain$startTestSuite$0.call(Unknown Source)
	at TempTestSuite1616984865844.run(TempTestSuite1616984865844.groovy:39)
)
[[ATTACHMENT|D:\\Working\\AUTO\\KATAWEB\\popstestautomation\\POPSTestAutomation\\Reports\\20210329_092745\\POPS App\\POPSApp_DailySmoke\\20210329_092745\\1616985700977.png]]

2021-03-29 09:41:41 - [MESSAGE][PASSED] - Execute JavaScript 'window.scrollTo(0, document.body.scrollHeight)' successfully

2021-03-29 09:41:43 - [MESSAGE][PASSED] - Delayed 2 second(s)

2021-03-29 09:41:44 - [MESSAGE][WARNING] - Object 'Object Repository/POPS App UI/Footer/POPS_Logo_In_Footer' is present but is not visible in viewport (Root cause: com.kms.katalon.core.exception.StepFailedException: Object 'Object Repository/POPS App UI/Footer/POPS_Logo_In_Footer' is present but is not visible in viewport
	at com.kms.katalon.core.webui.keyword.internal.WebUIKeywordMain.stepFailed(WebUIKeywordMain.groovy:64)
	at com.kms.katalon.core.webui.keyword.builtin.VerifyElementVisibleInViewportKeyword$_verifyElementVisibleInViewport_closure1.doCall(VerifyElementVisibleInViewportKeyword.groovy:79)
	at com.kms.katalon.core.webui.keyword.builtin.VerifyElementVisibleInViewportKeyword$_verifyElementVisibleInViewport_closure1.call(VerifyElementVisibleInViewportKeyword.groovy)
	at com.kms.katalon.core.webui.keyword.internal.WebUIKeywordMain.runKeyword(WebUIKeywordMain.groovy:20)
	at com.kms.katalon.core.webui.keyword.builtin.VerifyElementVisibleInViewportKeyword.verifyElementVisibleInViewport(VerifyElementVisibleInViewportKeyword.groovy:86)
	at com.kms.katalon.core.webui.keyword.builtin.VerifyElementVisibleInViewportKeyword.execute(VerifyElementVisibleInViewportKeyword.groovy:68)
	at com.kms.katalon.core.keyword.internal.KeywordExecutor.executeKeywordForPlatform(KeywordExecutor.groovy:73)
	at com.kms.katalon.core.webui.keyword.WebUiBuiltInKeywords.verifyElementInViewport(WebUiBuiltInKeywords.groovy:4050)
	at com.kms.katalon.core.webui.keyword.WebUiBuiltInKeywords$verifyElementInViewport$3.call(Unknown Source)
	at commonActions.BaseActions.ScrollToFooter(BaseActions.groovy:44)
	at commonActions.BaseActions.invokeMethod(BaseActions.groovy)
	at com.kms.katalon.core.main.CustomKeywordDelegatingMetaClass.invokeStaticMethod(CustomKeywordDelegatingMetaClass.java:50)
	at VerifyRecommandationDisplayed.run(VerifyRecommandationDisplayed:24)
	at com.kms.katalon.core.main.ScriptEngine.run(ScriptEngine.java:194)
	at com.kms.katalon.core.main.ScriptEngine.runScriptAsRawText(ScriptEngine.java:119)
	at com.kms.katalon.core.main.TestCaseExecutor.runScript(TestCaseExecutor.java:398)
	at com.kms.katalon.core.main.TestCaseExecutor.doExecute(TestCaseExecutor.java:389)
	at com.kms.katalon.core.main.TestCaseExecutor.processExecutionPhase(TestCaseExecutor.java:368)
	at com.kms.katalon.core.main.TestCaseExecutor.accessMainPhase(TestCaseExecutor.java:360)
	at com.kms.katalon.core.main.TestCaseExecutor.execute(TestCaseExecutor.java:255)
	at com.kms.katalon.core.main.TestSuiteExecutor.accessTestCaseMainPhase(TestSuiteExecutor.java:203)
	at com.kms.katalon.core.main.TestSuiteExecutor.accessTestSuiteMainPhase(TestSuiteExecutor.java:152)
	at com.kms.katalon.core.main.TestSuiteExecutor.execute(TestSuiteExecutor.java:95)
	at com.kms.katalon.core.main.TestCaseMain.startTestSuite(TestCaseMain.java:157)
	at com.kms.katalon.core.main.TestCaseMain$startTestSuite$0.call(Unknown Source)
	at TempTestSuite1616984865844.run(TempTestSuite1616984865844.groovy:39)
)
[[ATTACHMENT|D:\\Working\\AUTO\\KATAWEB\\popstestautomation\\POPSTestAutomation\\Reports\\20210329_092745\\POPS App\\POPSApp_DailySmoke\\20210329_092745\\1616985703990.png]]

2021-03-29 09:41:44 - [MESSAGE][PASSED] - Execute JavaScript 'window.scrollTo(0, document.body.scrollHeight)' successfully

2021-03-29 09:41:46 - [MESSAGE][PASSED] - Delayed 2 second(s)

2021-03-29 09:41:47 - [MESSAGE][WARNING] - Object 'Object Repository/POPS App UI/Footer/POPS_Logo_In_Footer' is present but is not visible in viewport (Root cause: com.kms.katalon.core.exception.StepFailedException: Object 'Object Repository/POPS App UI/Footer/POPS_Logo_In_Footer' is present but is not visible in viewport
	at com.kms.katalon.core.webui.keyword.internal.WebUIKeywordMain.stepFailed(WebUIKeywordMain.groovy:64)
	at com.kms.katalon.core.webui.keyword.builtin.VerifyElementVisibleInViewportKeyword$_verifyElementVisibleInViewport_closure1.doCall(VerifyElementVisibleInViewportKeyword.groovy:79)
	at com.kms.katalon.core.webui.keyword.builtin.VerifyElementVisibleInViewportKeyword$_verifyElementVisibleInViewport_closure1.call(VerifyElementVisibleInViewportKeyword.groovy)
	at com.kms.katalon.core.webui.keyword.internal.WebUIKeywordMain.runKeyword(WebUIKeywordMain.groovy:20)
	at com.kms.katalon.core.webui.keyword.builtin.VerifyElementVisibleInViewportKeyword.verifyElementVisibleInViewport(VerifyElementVisibleInViewportKeyword.groovy:86)
	at com.kms.katalon.core.webui.keyword.builtin.VerifyElementVisibleInViewportKeyword.execute(VerifyElementVisibleInViewportKeyword.groovy:68)
	at com.kms.katalon.core.keyword.internal.KeywordExecutor.executeKeywordForPlatform(KeywordExecutor.groovy:73)
	at com.kms.katalon.core.webui.keyword.WebUiBuiltInKeywords.verifyElementInViewport(WebUiBuiltInKeywords.groovy:4050)
	at com.kms.katalon.core.webui.keyword.WebUiBuiltInKeywords$verifyElementInViewport$3.call(Unknown Source)
	at commonActions.BaseActions.ScrollToFooter(BaseActions.groovy:44)
	at commonActions.BaseActions.invokeMethod(BaseActions.groovy)
	at com.kms.katalon.core.main.CustomKeywordDelegatingMetaClass.invokeStaticMethod(CustomKeywordDelegatingMetaClass.java:50)
	at VerifyRecommandationDisplayed.run(VerifyRecommandationDisplayed:24)
	at com.kms.katalon.core.main.ScriptEngine.run(ScriptEngine.java:194)
	at com.kms.katalon.core.main.ScriptEngine.runScriptAsRawText(ScriptEngine.java:119)
	at com.kms.katalon.core.main.TestCaseExecutor.runScript(TestCaseExecutor.java:398)
	at com.kms.katalon.core.main.TestCaseExecutor.doExecute(TestCaseExecutor.java:389)
	at com.kms.katalon.core.main.TestCaseExecutor.processExecutionPhase(TestCaseExecutor.java:368)
	at com.kms.katalon.core.main.TestCaseExecutor.accessMainPhase(TestCaseExecutor.java:360)
	at com.kms.katalon.core.main.TestCaseExecutor.execute(TestCaseExecutor.java:255)
	at com.kms.katalon.core.main.TestSuiteExecutor.accessTestCaseMainPhase(TestSuiteExecutor.java:203)
	at com.kms.katalon.core.main.TestSuiteExecutor.accessTestSuiteMainPhase(TestSuiteExecutor.java:152)
	at com.kms.katalon.core.main.TestSuiteExecutor.execute(TestSuiteExecutor.java:95)
	at com.kms.katalon.core.main.TestCaseMain.startTestSuite(TestCaseMain.java:157)
	at com.kms.katalon.core.main.TestCaseMain$startTestSuite$0.call(Unknown Source)
	at TempTestSuite1616984865844.run(TempTestSuite1616984865844.groovy:39)
)
[[ATTACHMENT|D:\\Working\\AUTO\\KATAWEB\\popstestautomation\\POPSTestAutomation\\Reports\\20210329_092745\\POPS App\\POPSApp_DailySmoke\\20210329_092745\\1616985706948.png]]

2021-03-29 09:41:47 - [MESSAGE][PASSED] - Execute JavaScript 'window.scrollTo(0, document.body.scrollHeight)' successfully

2021-03-29 09:41:49 - [MESSAGE][PASSED] - Delayed 2 second(s)

2021-03-29 09:41:49 - [MESSAGE][PASSED] - Object 'Object Repository/POPS App UI/Footer/POPS_Logo_In_Footer' is present and visible in viewport

2021-03-29 09:41:49 - [MESSAGE][PASSED] - commonActions.BaseActions.ScrollToFooter is PASSED

2021-03-29 09:41:49 - [TEST_STEP][PASSED] - commonActions.PageActions.checkRecommandation(findTestObject("POPS App UI/HomePageUI/RECOMMANDATION_PART")): commonActions.PageActions.checkRecommandation is PASSED

2021-03-29 09:41:51 - [MESSAGE][INFO] - HAR: D:\Working\AUTO\KATAWEB\popstestautomation\POPSTestAutomation\Reports\20210329_092745\POPS App\POPSApp_DailySmoke\20210329_092745\requests\main\745.har

2021-03-29 09:41:51 - [MESSAGE][PASSED] - Send request successfully

2021-03-29 09:41:51 - [MESSAGE][PASSED] - commonActions.PageActions.checkRecommandation is PASSED

2021-03-29 09:41:51 - [TEST_STEP][PASSED] - commonActions.PageActions.checkReCommandationCanClickable(findTestObject("POPS App UI/HomePageUI/RECOMMANDATION_PART")): commonActions.PageActions.checkReCommandationCanClickable is PASSED

2021-03-29 09:41:52 - [MESSAGE][PASSED] - commonActions.PageActions.checkReCommandationCanClickable is PASSED

2021-03-29 09:41:52 - [TEST_STEP][PASSED] - commonActions.PageActions.checkBrokenImages(findTestObject("Object Repository/CommonUI/IMG_THUMNAIL"), "src"): commonActions.PageActions.checkBrokenImages is PASSED

2021-03-29 09:41:53 - [MESSAGE][INFO] - HAR: D:\Working\AUTO\KATAWEB\popstestautomation\POPSTestAutomation\Reports\20210329_092745\POPS App\POPSApp_DailySmoke\20210329_092745\requests\main\746.har

2021-03-29 09:41:53 - [MESSAGE][PASSED] - Send request successfully

2021-03-29 09:41:53 - [MESSAGE][PASSED] - commonActions.PageActions.checkBrokenImages is PASSED

2021-03-29 09:41:53 - [TEST_STEP][PASSED] - Start listener action : sampleAfterTestCase: null

2021-03-29 09:41:53 - [TEST_STEP][PASSED] - println(testCaseContext.getTestCaseId()): null

2021-03-29 09:41:53 - [TEST_STEP][PASSED] - println(testCaseContext.getTestCaseStatus()): null

2021-03-29 09:41:53 - [TEST_STEP][PASSED] - Start listener action : sampleAfterTestCase: null

2021-03-29 09:41:53 - [TEST_STEP][PASSED] - println(testCaseContext.getTestCaseId()): null

2021-03-29 09:41:53 - [TEST_STEP][PASSED] - println(testCaseContext.getTestCaseStatus()): null]]></system-out>
         <system-err><![CDATA[]]></system-err>
      </testcase>
      <system-out><![CDATA[2021-03-29 09:27:56 - [TEST_SUITE][ERROR] - POPSApp_DailySmoke: Test Cases/POPS App/UI_Check/VN/VerifyNoBrokenImageOnComicsPage FAILED.
Reason:
org.codehaus.groovy.runtime.InvokerInvocationException: java.lang.AssertionError: Failed at https://vnw-img-cdn.popsww.com/api/v2/containers/file2/Truy%E1%BB%87n%20ph%C3%A1t%20h%C3%A0nh%20th%E1%BB%A9%203%20h%C3%A0ng%20tu%E1%BA%A7n!:/html[1]/body[1]/div[1]/main[1]/div[1]/div[26]/div[1]/div[1]/div[15]/div[1]/div[1]/a[1]/div[1]/img[1] expected [true] but found [false]
	at commonActions.PageActions.invokeMethod(PageActions.groovy)
	at com.kms.katalon.core.main.CustomKeywordDelegatingMetaClass.invokeStaticMethod(CustomKeywordDelegatingMetaClass.java:50)
	at VerifyNoBrokenImageOnComicsPage.run(VerifyNoBrokenImageOnComicsPage:26)
	at com.kms.katalon.core.main.ScriptEngine.run(ScriptEngine.java:194)
	at com.kms.katalon.core.main.ScriptEngine.runScriptAsRawText(ScriptEngine.java:119)
	at com.kms.katalon.core.main.TestCaseExecutor.runScript(TestCaseExecutor.java:398)
	at com.kms.katalon.core.main.TestCaseExecutor.doExecute(TestCaseExecutor.java:389)
	at com.kms.katalon.core.main.TestCaseExecutor.processExecutionPhase(TestCaseExecutor.java:368)
	at com.kms.katalon.core.main.TestCaseExecutor.accessMainPhase(TestCaseExecutor.java:360)
	at com.kms.katalon.core.main.TestCaseExecutor.execute(TestCaseExecutor.java:255)
	at com.kms.katalon.core.main.TestSuiteExecutor.accessTestCaseMainPhase(TestSuiteExecutor.java:203)
	at com.kms.katalon.core.main.TestSuiteExecutor.accessTestSuiteMainPhase(TestSuiteExecutor.java:152)
	at com.kms.katalon.core.main.TestSuiteExecutor.execute(TestSuiteExecutor.java:95)
	at com.kms.katalon.core.main.TestCaseMain.startTestSuite(TestCaseMain.java:157)
	at com.kms.katalon.core.main.TestCaseMain$startTestSuite$0.call(Unknown Source)
	at TempTestSuite1616984865844.run(TempTestSuite1616984865844.groovy:39)
Caused by: java.lang.AssertionError: Failed at https://vnw-img-cdn.popsww.com/api/v2/containers/file2/Truy%E1%BB%87n%20ph%C3%A1t%20h%C3%A0nh%20th%E1%BB%A9%203%20h%C3%A0ng%20tu%E1%BA%A7n!:/html[1]/body[1]/div[1]/main[1]/div[1]/div[26]/div[1]/div[1]/div[15]/div[1]/div[1]/a[1]/div[1]/img[1] expected [true] but found [false]
	at org.testng.Assert.fail(Assert.java:93)
	at org.testng.Assert.failNotEquals(Assert.java:512)
	at org.testng.Assert.assertTrue(Assert.java:41)
	at commonActions.PageActions$_verifyLinksOnPage_closure1.doCall(PageActions.groovy:25)
	at commonActions.PageActions.verifyLinksOnPage(PageActions.groovy:23)
	... 16 more]]></system-out>
      <system-err><![CDATA[2021-03-29 09:27:56 - [TEST_SUITE][ERROR] - POPSApp_DailySmoke: Test Cases/POPS App/UI_Check/VN/VerifyNoBrokenImageOnComicsPage FAILED.
Reason:
org.codehaus.groovy.runtime.InvokerInvocationException: java.lang.AssertionError: Failed at https://vnw-img-cdn.popsww.com/api/v2/containers/file2/Truy%E1%BB%87n%20ph%C3%A1t%20h%C3%A0nh%20th%E1%BB%A9%203%20h%C3%A0ng%20tu%E1%BA%A7n!:/html[1]/body[1]/div[1]/main[1]/div[1]/div[26]/div[1]/div[1]/div[15]/div[1]/div[1]/a[1]/div[1]/img[1] expected [true] but found [false]
	at commonActions.PageActions.invokeMethod(PageActions.groovy)
	at com.kms.katalon.core.main.CustomKeywordDelegatingMetaClass.invokeStaticMethod(CustomKeywordDelegatingMetaClass.java:50)
	at VerifyNoBrokenImageOnComicsPage.run(VerifyNoBrokenImageOnComicsPage:26)
	at com.kms.katalon.core.main.ScriptEngine.run(ScriptEngine.java:194)
	at com.kms.katalon.core.main.ScriptEngine.runScriptAsRawText(ScriptEngine.java:119)
	at com.kms.katalon.core.main.TestCaseExecutor.runScript(TestCaseExecutor.java:398)
	at com.kms.katalon.core.main.TestCaseExecutor.doExecute(TestCaseExecutor.java:389)
	at com.kms.katalon.core.main.TestCaseExecutor.processExecutionPhase(TestCaseExecutor.java:368)
	at com.kms.katalon.core.main.TestCaseExecutor.accessMainPhase(TestCaseExecutor.java:360)
	at com.kms.katalon.core.main.TestCaseExecutor.execute(TestCaseExecutor.java:255)
	at com.kms.katalon.core.main.TestSuiteExecutor.accessTestCaseMainPhase(TestSuiteExecutor.java:203)
	at com.kms.katalon.core.main.TestSuiteExecutor.accessTestSuiteMainPhase(TestSuiteExecutor.java:152)
	at com.kms.katalon.core.main.TestSuiteExecutor.execute(TestSuiteExecutor.java:95)
	at com.kms.katalon.core.main.TestCaseMain.startTestSuite(TestCaseMain.java:157)
	at com.kms.katalon.core.main.TestCaseMain$startTestSuite$0.call(Unknown Source)
	at TempTestSuite1616984865844.run(TempTestSuite1616984865844.groovy:39)
Caused by: java.lang.AssertionError: Failed at https://vnw-img-cdn.popsww.com/api/v2/containers/file2/Truy%E1%BB%87n%20ph%C3%A1t%20h%C3%A0nh%20th%E1%BB%A9%203%20h%C3%A0ng%20tu%E1%BA%A7n!:/html[1]/body[1]/div[1]/main[1]/div[1]/div[26]/div[1]/div[1]/div[15]/div[1]/div[1]/a[1]/div[1]/img[1] expected [true] but found [false]
	at org.testng.Assert.fail(Assert.java:93)
	at org.testng.Assert.failNotEquals(Assert.java:512)
	at org.testng.Assert.assertTrue(Assert.java:41)
	at commonActions.PageActions$_verifyLinksOnPage_closure1.doCall(PageActions.groovy:25)
	at commonActions.PageActions.verifyLinksOnPage(PageActions.groovy:23)
	... 16 more]]></system-err>
   </testsuite>
</testsuites>
